<?xml version="1.0" encoding="UTF-8"?>
<testsuites name="Non_functional_Test" time="44.98" tests="5" failures="0" errors="0">
   <testsuite name="Non_functional_Test" tests="5" failures="0" errors="0" time="44.98" skipped="0" timestamp="24-05-2024T16:40:35" hostname="Anna - DESKTOP-3UT53HP" id="Test Suites/Non_functional_Test">
      <properties>
         <property name="deviceName" value=""/>
         <property name="devicePlatform" value=""/>
         <property name="logFolder" value="C:\\Users\\Anna\\git\\QrWeb\\Reports\\20240524_164027\\Non_functional_Test\\20240524_164028"/>
         <property name="logFiles" value="C:\\Users\\Anna\\git\\QrWeb\\Reports\\20240524_164027\\Non_functional_Test\\20240524_164028\\execution0.log"/>
         <property name="attachments" value=""/>
         <property name="hostName" value="Anna - DESKTOP-3UT53HP"/>
         <property name="os" value="Windows 10 64bit"/>
         <property name="katalonVersion" value="9.4.0.212"/>
         <property name="browser" value="Chrome 125.0.0.0"/>
         <property name="hostAddress" value="192.168.8.116"/>
         <property name="sessionId" value="51ab1628451a2b2fa3af9ab1942143b5"/>
         <property name="seleniumVersion" value="3.141.59"/>
         <property name="proxyInformation" value="ProxyInformation { proxyOption=NO_PROXY, proxyServerType=HTTP, username=, password=********, proxyServerAddress=, proxyServerPort=0, executionList=&quot;&quot;, isApplyToDesiredCapabilities=true }"/>
         <property name="platform" value="Windows 10"/>
      </properties>
      <testcase name="Test Cases/non-functional/animation" time="8.845" classname="Test Cases/non-functional/animation" status="PASSED">
         <system-out><![CDATA[24-05-2024T16:40:35 - [TEST_CASE][PASSED] - Test Cases/non-functional/animation: Test Cases/non-functional/animation

24-05-2024T16:40:35 - [TEST_STEP][PASSED] - openBrowser(""): Browser is opened with url: ''

24-05-2024T16:40:35 - [MESSAGE][INFO] - Starting 'Chrome' driver

24-05-2024T16:40:35 - [MESSAGE][INFO] - Action delay is set to 0 milliseconds

24-05-2024T16:40:37 - [MESSAGE][PASSED] - Browser is opened with url: ''

24-05-2024T16:40:37 - [TEST_STEP][PASSED] - maximizeWindow(): Current window maximized

24-05-2024T16:40:37 - [MESSAGE][PASSED] - Current window maximized

24-05-2024T16:40:37 - [TEST_STEP][PASSED] - navigateToUrl("https://qr-web-h1fi.onrender.com/"): Navigate to 'https://qr-web-h1fi.onrender.com/' successfully

24-05-2024T16:40:43 - [MESSAGE][PASSED] - Navigate to 'https://qr-web-h1fi.onrender.com/' successfully

24-05-2024T16:40:43 - [TEST_STEP][PASSED] - animatedElement = findTestObject("Object Repository/Page_QRWeb/div_Anna                                   _6c39b4"): null

24-05-2024T16:40:43 - [TEST_STEP][PASSED] - opacity = getCSSValue(animatedElement, "opacity"): Get CSS 'opacity' value on 'Object Repository/Page_QRWeb/div_Anna                                   _6c39b4' successfully: '1'.

24-05-2024T16:40:43 - [MESSAGE][PASSED] - Get CSS 'opacity' value on 'Object Repository/Page_QRWeb/div_Anna                                   _6c39b4' successfully: '1'.

24-05-2024T16:40:43 - [TEST_STEP][PASSED] - assert opacity == "1": null

24-05-2024T16:40:43 - [TEST_STEP][PASSED] - animationFillMode = getCSSValue(animatedElement, "animation-fill-mode"): Get CSS 'animation-fill-mode' value on 'Object Repository/Page_QRWeb/div_Anna                                   _6c39b4' successfully: 'none'.

24-05-2024T16:40:43 - [MESSAGE][PASSED] - Get CSS 'animation-fill-mode' value on 'Object Repository/Page_QRWeb/div_Anna                                   _6c39b4' successfully: 'none'.

24-05-2024T16:40:43 - [TEST_STEP][PASSED] - assert animationFillMode == "none": null

24-05-2024T16:40:43 - [TEST_STEP][PASSED] - animationDuration = getCSSValue(animatedElement, "animation-duration"): Get CSS 'animation-duration' value on 'Object Repository/Page_QRWeb/div_Anna                                   _6c39b4' successfully: '0s'.

24-05-2024T16:40:44 - [MESSAGE][PASSED] - Get CSS 'animation-duration' value on 'Object Repository/Page_QRWeb/div_Anna                                   _6c39b4' successfully: '0s'.

24-05-2024T16:40:44 - [TEST_STEP][PASSED] - assert animationDuration == "0s": null]]></system-out>
         <system-err><![CDATA[]]></system-err>
      </testcase>
      <testcase name="Test Cases/non-functional/button_login" time="11.913" classname="Test Cases/non-functional/button_login" status="PASSED">
         <system-out><![CDATA[24-05-2024T16:40:44 - [TEST_CASE][PASSED] - Test Cases/non-functional/button_login: Test Cases/non-functional/button_login

24-05-2024T16:40:44 - [TEST_STEP][PASSED] - openBrowser(""): Browser is opened with url: ''

24-05-2024T16:40:44 - [MESSAGE][WARNING] - A browser is already opened. Closing browser and opening a new one

24-05-2024T16:40:44 - [MESSAGE][INFO] - Starting 'Chrome' driver

24-05-2024T16:40:44 - [MESSAGE][INFO] - Action delay is set to 0 milliseconds

24-05-2024T16:40:45 - [MESSAGE][PASSED] - Browser is opened with url: ''

24-05-2024T16:40:45 - [TEST_STEP][PASSED] - maximizeWindow(): Current window maximized

24-05-2024T16:40:45 - [MESSAGE][PASSED] - Current window maximized

24-05-2024T16:40:45 - [TEST_STEP][PASSED] - navigateToUrl("https://qr-web-h1fi.onrender.com/"): Navigate to 'https://qr-web-h1fi.onrender.com/' successfully

24-05-2024T16:40:50 - [MESSAGE][PASSED] - Navigate to 'https://qr-web-h1fi.onrender.com/' successfully

24-05-2024T16:40:50 - [TEST_STEP][PASSED] - getCSSValue(findTestObject("Object Repository/Page_QRWeb/a_Log in"), "color"): Get CSS 'color' value on 'Object Repository/Page_QRWeb/a_Log in' successfully: 'rgba(255, 255, 255, 1)'.

24-05-2024T16:40:50 - [MESSAGE][PASSED] - Get CSS 'color' value on 'Object Repository/Page_QRWeb/a_Log in' successfully: 'rgba(255, 255, 255, 1)'.

24-05-2024T16:40:50 - [TEST_STEP][PASSED] - getCSSValue(findTestObject("Object Repository/Page_QRWeb/a_Log in"), "font-family"): Get CSS 'font-family' value on 'Object Repository/Page_QRWeb/a_Log in' successfully: 'Poppins, sans-serif'.

24-05-2024T16:40:50 - [MESSAGE][PASSED] - Get CSS 'font-family' value on 'Object Repository/Page_QRWeb/a_Log in' successfully: 'Poppins, sans-serif'.

24-05-2024T16:40:50 - [TEST_STEP][PASSED] - getCSSValue(findTestObject("Object Repository/Page_QRWeb/a_Log in"), "background-color"): Get CSS 'background-color' value on 'Object Repository/Page_QRWeb/a_Log in' successfully: 'rgba(56, 131, 200, 1)'.

24-05-2024T16:40:51 - [MESSAGE][PASSED] - Get CSS 'background-color' value on 'Object Repository/Page_QRWeb/a_Log in' successfully: 'rgba(56, 131, 200, 1)'.

24-05-2024T16:40:51 - [TEST_STEP][PASSED] - height = getElementHeight(findTestObject("Object Repository/Page_QRWeb/a_Log in")): Height of element 'Object Repository/Page_QRWeb/a_Log in' is '33'.

24-05-2024T16:40:51 - [MESSAGE][PASSED] - Height of element 'Object Repository/Page_QRWeb/a_Log in' is '33'.

24-05-2024T16:40:51 - [TEST_STEP][PASSED] - width = getElementWidth(findTestObject("Object Repository/Page_QRWeb/a_Log in")): Width of element 'Object Repository/Page_QRWeb/a_Log in' is '74'

24-05-2024T16:40:51 - [MESSAGE][PASSED] - Width of element 'Object Repository/Page_QRWeb/a_Log in' is '74'

24-05-2024T16:40:51 - [TEST_STEP][PASSED] - getCSSValue(findTestObject("Object Repository/Page_QRWeb/a_Log in"), "color"): Get CSS 'color' value on 'Object Repository/Page_QRWeb/a_Log in' successfully: 'rgba(255, 255, 255, 1)'.

24-05-2024T16:40:52 - [MESSAGE][PASSED] - Get CSS 'color' value on 'Object Repository/Page_QRWeb/a_Log in' successfully: 'rgba(255, 255, 255, 1)'.

24-05-2024T16:40:52 - [TEST_STEP][PASSED] - buttonElement = findTestObject("Object Repository/Page_QRWeb/a_Log in"): null

24-05-2024T16:40:52 - [TEST_STEP][PASSED] - borderRadius = getCSSValue(buttonElement, "border-radius"): Get CSS 'border-radius' value on 'Object Repository/Page_QRWeb/a_Log in' successfully: '100px'.

24-05-2024T16:40:52 - [MESSAGE][PASSED] - Get CSS 'border-radius' value on 'Object Repository/Page_QRWeb/a_Log in' successfully: '100px'.

24-05-2024T16:40:52 - [TEST_STEP][PASSED] - assert borderRadius == "100px": null

24-05-2024T16:40:52 - [TEST_STEP][PASSED] - fontWeight = getCSSValue(buttonElement, "font-weight"): Get CSS 'font-weight' value on 'Object Repository/Page_QRWeb/a_Log in' successfully: '600'.

24-05-2024T16:40:52 - [MESSAGE][PASSED] - Get CSS 'font-weight' value on 'Object Repository/Page_QRWeb/a_Log in' successfully: '600'.

24-05-2024T16:40:52 - [TEST_STEP][PASSED] - assert fontWeight == "600": null

24-05-2024T16:40:52 - [TEST_STEP][PASSED] - fontSizeRem = getCSSValue(buttonElement, "font-size"): Get CSS 'font-size' value on 'Object Repository/Page_QRWeb/a_Log in' successfully: '13px'.

24-05-2024T16:40:52 - [MESSAGE][PASSED] - Get CSS 'font-size' value on 'Object Repository/Page_QRWeb/a_Log in' successfully: '13px'.

24-05-2024T16:40:52 - [TEST_STEP][PASSED] - assert fontSizeRem == "13px": null

24-05-2024T16:40:52 - [TEST_STEP][PASSED] - paddingVertical = getCSSValue(buttonElement, "padding-top"): Get CSS 'padding-top' value on 'Object Repository/Page_QRWeb/a_Log in' successfully: '5px'.

24-05-2024T16:40:53 - [MESSAGE][PASSED] - Get CSS 'padding-top' value on 'Object Repository/Page_QRWeb/a_Log in' successfully: '5px'.

24-05-2024T16:40:53 - [TEST_STEP][PASSED] - paddingHorizontal = getCSSValue(buttonElement, "padding-right"): Get CSS 'padding-right' value on 'Object Repository/Page_QRWeb/a_Log in' successfully: '16px'.

24-05-2024T16:40:53 - [MESSAGE][PASSED] - Get CSS 'padding-right' value on 'Object Repository/Page_QRWeb/a_Log in' successfully: '16px'.

24-05-2024T16:40:53 - [TEST_STEP][PASSED] - assert paddingVertical == "5px" && paddingHorizontal == "16px": null

24-05-2024T16:40:53 - [TEST_STEP][PASSED] - boxShadow = getCSSValue(buttonElement, "box-shadow"): Get CSS 'box-shadow' value on 'Object Repository/Page_QRWeb/a_Log in' successfully: 'rgba(0, 0, 0, 0.15) 2px 3px 15px 0px'.

24-05-2024T16:40:53 - [MESSAGE][PASSED] - Get CSS 'box-shadow' value on 'Object Repository/Page_QRWeb/a_Log in' successfully: 'rgba(0, 0, 0, 0.15) 2px 3px 15px 0px'.

24-05-2024T16:40:53 - [TEST_STEP][PASSED] - assert boxShadow == "rgba(0, 0, 0, 0.15) 2px 3px 15px 0px": null

24-05-2024T16:40:53 - [TEST_STEP][PASSED] - statusIndicatorHeight = getCSSValue(buttonElement, "height"): Get CSS 'height' value on 'Object Repository/Page_QRWeb/a_Log in' successfully: '32.7px'.

24-05-2024T16:40:53 - [MESSAGE][PASSED] - Get CSS 'height' value on 'Object Repository/Page_QRWeb/a_Log in' successfully: '32.7px'.

24-05-2024T16:40:53 - [TEST_STEP][PASSED] - statusIndicatorWidth = getCSSValue(buttonElement, "width"): Get CSS 'width' value on 'Object Repository/Page_QRWeb/a_Log in' successfully: '73.5875px'.

24-05-2024T16:40:54 - [MESSAGE][PASSED] - Get CSS 'width' value on 'Object Repository/Page_QRWeb/a_Log in' successfully: '73.5875px'.

24-05-2024T16:40:54 - [TEST_STEP][PASSED] - assert statusIndicatorHeight == "32.7px" && statusIndicatorWidth == "73.5875px": null

24-05-2024T16:40:54 - [TEST_STEP][PASSED] - statusIconBorderRadius = getCSSValue(buttonElement, "border-radius"): Get CSS 'border-radius' value on 'Object Repository/Page_QRWeb/a_Log in' successfully: '100px'.

24-05-2024T16:40:54 - [MESSAGE][PASSED] - Get CSS 'border-radius' value on 'Object Repository/Page_QRWeb/a_Log in' successfully: '100px'.

24-05-2024T16:40:54 - [TEST_STEP][PASSED] - statusIconFontSize = getCSSValue(buttonElement, "font-size"): Get CSS 'font-size' value on 'Object Repository/Page_QRWeb/a_Log in' successfully: '13px'.

24-05-2024T16:40:54 - [MESSAGE][PASSED] - Get CSS 'font-size' value on 'Object Repository/Page_QRWeb/a_Log in' successfully: '13px'.

24-05-2024T16:40:54 - [TEST_STEP][PASSED] - statusIconPaddingVertical = getCSSValue(buttonElement, "padding-top"): Get CSS 'padding-top' value on 'Object Repository/Page_QRWeb/a_Log in' successfully: '5px'.

24-05-2024T16:40:54 - [MESSAGE][PASSED] - Get CSS 'padding-top' value on 'Object Repository/Page_QRWeb/a_Log in' successfully: '5px'.

24-05-2024T16:40:54 - [TEST_STEP][PASSED] - statusIconPaddingHorizontal = getCSSValue(buttonElement, "padding-right"): Get CSS 'padding-right' value on 'Object Repository/Page_QRWeb/a_Log in' successfully: '16px'.

24-05-2024T16:40:55 - [MESSAGE][PASSED] - Get CSS 'padding-right' value on 'Object Repository/Page_QRWeb/a_Log in' successfully: '16px'.

24-05-2024T16:40:55 - [TEST_STEP][PASSED] - assert statusIconBorderRadius == "100px" && statusIconFontSize == "13px" && statusIconPaddingVertical == "5px" && statusIconPaddingHorizontal == "16px": null

24-05-2024T16:40:55 - [TEST_STEP][PASSED] - backgroundColor = getCSSValue(buttonElement, "background-color"): Get CSS 'background-color' value on 'Object Repository/Page_QRWeb/a_Log in' successfully: 'rgba(56, 131, 200, 1)'.

24-05-2024T16:40:55 - [MESSAGE][PASSED] - Get CSS 'background-color' value on 'Object Repository/Page_QRWeb/a_Log in' successfully: 'rgba(56, 131, 200, 1)'.

24-05-2024T16:40:55 - [TEST_STEP][PASSED] - borderColor = getCSSValue(buttonElement, "border-color"): Get CSS 'border-color' value on 'Object Repository/Page_QRWeb/a_Log in' successfully: 'rgb(56, 131, 200)'.

24-05-2024T16:40:55 - [MESSAGE][PASSED] - Get CSS 'border-color' value on 'Object Repository/Page_QRWeb/a_Log in' successfully: 'rgb(56, 131, 200)'.

24-05-2024T16:40:55 - [TEST_STEP][PASSED] - textColor = getCSSValue(buttonElement, "color"): Get CSS 'color' value on 'Object Repository/Page_QRWeb/a_Log in' successfully: 'rgba(255, 255, 255, 1)'.

24-05-2024T16:40:56 - [MESSAGE][PASSED] - Get CSS 'color' value on 'Object Repository/Page_QRWeb/a_Log in' successfully: 'rgba(255, 255, 255, 1)'.

24-05-2024T16:40:56 - [TEST_STEP][PASSED] - assert backgroundColor == "rgba(56, 131, 200, 1)" && borderColor == "rgb(56, 131, 200)" && textColor == "rgba(255, 255, 255, 1)": null]]></system-out>
         <system-err><![CDATA[]]></system-err>
      </testcase>
      <testcase name="Test Cases/non-functional/list" time="7.457" classname="Test Cases/non-functional/list" status="PASSED">
         <system-out><![CDATA[24-05-2024T16:40:56 - [TEST_CASE][PASSED] - Test Cases/non-functional/list: Test Cases/non-functional/list

24-05-2024T16:40:56 - [TEST_STEP][PASSED] - openBrowser(""): Browser is opened with url: ''

24-05-2024T16:40:56 - [MESSAGE][WARNING] - A browser is already opened. Closing browser and opening a new one

24-05-2024T16:40:56 - [MESSAGE][INFO] - Starting 'Chrome' driver

24-05-2024T16:40:56 - [MESSAGE][INFO] - Action delay is set to 0 milliseconds

24-05-2024T16:40:56 - [MESSAGE][PASSED] - Browser is opened with url: ''

24-05-2024T16:40:56 - [TEST_STEP][PASSED] - maximizeWindow(): Current window maximized

24-05-2024T16:40:56 - [MESSAGE][PASSED] - Current window maximized

24-05-2024T16:40:56 - [TEST_STEP][PASSED] - navigateToUrl("https://qr-web-h1fi.onrender.com/"): Navigate to 'https://qr-web-h1fi.onrender.com/' successfully

24-05-2024T16:41:02 - [MESSAGE][PASSED] - Navigate to 'https://qr-web-h1fi.onrender.com/' successfully

24-05-2024T16:41:02 - [TEST_STEP][PASSED] - paragraphElement = findTestObject("Object Repository/Page_QRWeb/p_Experience effortless website creation wi_b8022a"): null

24-05-2024T16:41:02 - [TEST_STEP][PASSED] - lineHeight = getCSSValue(paragraphElement, "line-height"): Get CSS 'line-height' value on 'Object Repository/Page_QRWeb/p_Experience effortless website creation wi_b8022a' successfully: '27px'.

24-05-2024T16:41:02 - [MESSAGE][PASSED] - Get CSS 'line-height' value on 'Object Repository/Page_QRWeb/p_Experience effortless website creation wi_b8022a' successfully: '27px'.

24-05-2024T16:41:02 - [TEST_STEP][PASSED] - assert lineHeight == "27px": null

24-05-2024T16:41:02 - [TEST_STEP][PASSED] - borderBottom = getCSSValue(paragraphElement, "border-bottom"): Get CSS 'border-bottom' value on 'Object Repository/Page_QRWeb/p_Experience effortless website creation wi_b8022a' successfully: '0px none rgba(0, 0, 0, 0.5)'.

24-05-2024T16:41:02 - [MESSAGE][PASSED] - Get CSS 'border-bottom' value on 'Object Repository/Page_QRWeb/p_Experience effortless website creation wi_b8022a' successfully: '0px none rgba(0, 0, 0, 0.5)'.

24-05-2024T16:41:02 - [TEST_STEP][PASSED] - assert borderBottom == "0px none rgba(0, 0, 0, 0.5)": null

24-05-2024T16:41:02 - [TEST_STEP][PASSED] - paddingTop = getCSSValue(paragraphElement, "padding-top"): Get CSS 'padding-top' value on 'Object Repository/Page_QRWeb/p_Experience effortless website creation wi_b8022a' successfully: '0px'.

24-05-2024T16:41:03 - [MESSAGE][PASSED] - Get CSS 'padding-top' value on 'Object Repository/Page_QRWeb/p_Experience effortless website creation wi_b8022a' successfully: '0px'.

24-05-2024T16:41:03 - [TEST_STEP][PASSED] - paddingBottom = getCSSValue(paragraphElement, "padding-bottom"): Get CSS 'padding-bottom' value on 'Object Repository/Page_QRWeb/p_Experience effortless website creation wi_b8022a' successfully: '0px'.

24-05-2024T16:41:03 - [MESSAGE][PASSED] - Get CSS 'padding-bottom' value on 'Object Repository/Page_QRWeb/p_Experience effortless website creation wi_b8022a' successfully: '0px'.

24-05-2024T16:41:03 - [TEST_STEP][PASSED] - assert paddingTop == paddingBottom: null]]></system-out>
         <system-err><![CDATA[]]></system-err>
      </testcase>
      <testcase name="Test Cases/non-functional/navbar" time="8.964" classname="Test Cases/non-functional/navbar" status="PASSED">
         <system-out><![CDATA[24-05-2024T16:41:03 - [TEST_CASE][PASSED] - Test Cases/non-functional/navbar: Test Cases/non-functional/navbar

24-05-2024T16:41:03 - [TEST_STEP][PASSED] - openBrowser(""): Browser is opened with url: ''

24-05-2024T16:41:03 - [MESSAGE][WARNING] - A browser is already opened. Closing browser and opening a new one

24-05-2024T16:41:03 - [MESSAGE][INFO] - Starting 'Chrome' driver

24-05-2024T16:41:03 - [MESSAGE][INFO] - Action delay is set to 0 milliseconds

24-05-2024T16:41:04 - [MESSAGE][PASSED] - Browser is opened with url: ''

24-05-2024T16:41:04 - [TEST_STEP][PASSED] - maximizeWindow(): Current window maximized

24-05-2024T16:41:04 - [MESSAGE][PASSED] - Current window maximized

24-05-2024T16:41:04 - [TEST_STEP][PASSED] - navigateToUrl("https://qr-web-h1fi.onrender.com/"): Navigate to 'https://qr-web-h1fi.onrender.com/' successfully

24-05-2024T16:41:11 - [MESSAGE][PASSED] - Navigate to 'https://qr-web-h1fi.onrender.com/' successfully

24-05-2024T16:41:11 - [TEST_STEP][PASSED] - navbarElement = findTestObject("Object Repository/Page_QRWeb/a_About"): null

24-05-2024T16:41:11 - [TEST_STEP][PASSED] - fontSize = getCSSValue(navbarElement, "font-size"): Get CSS 'font-size' value on 'Object Repository/Page_QRWeb/a_About' successfully: '14px'.

24-05-2024T16:41:11 - [MESSAGE][PASSED] - Get CSS 'font-size' value on 'Object Repository/Page_QRWeb/a_About' successfully: '14px'.

24-05-2024T16:41:11 - [TEST_STEP][PASSED] - fontWeight = getCSSValue(navbarElement, "font-weight"): Get CSS 'font-weight' value on 'Object Repository/Page_QRWeb/a_About' successfully: '500'.

24-05-2024T16:41:11 - [MESSAGE][PASSED] - Get CSS 'font-weight' value on 'Object Repository/Page_QRWeb/a_About' successfully: '500'.

24-05-2024T16:41:11 - [TEST_STEP][PASSED] - assert fontSize == "14px" && fontWeight == "500": null

24-05-2024T16:41:11 - [TEST_STEP][PASSED] - paddingTop = getCSSValue(navbarElement, "padding-top"): Get CSS 'padding-top' value on 'Object Repository/Page_QRWeb/a_About' successfully: '5px'.

24-05-2024T16:41:11 - [MESSAGE][PASSED] - Get CSS 'padding-top' value on 'Object Repository/Page_QRWeb/a_About' successfully: '5px'.

24-05-2024T16:41:11 - [TEST_STEP][PASSED] - paddingBottom = getCSSValue(navbarElement, "padding-bottom"): Get CSS 'padding-bottom' value on 'Object Repository/Page_QRWeb/a_About' successfully: '5px'.

24-05-2024T16:41:12 - [MESSAGE][PASSED] - Get CSS 'padding-bottom' value on 'Object Repository/Page_QRWeb/a_About' successfully: '5px'.

24-05-2024T16:41:12 - [TEST_STEP][PASSED] - assert paddingTop == "5px": null

24-05-2024T16:41:12 - [TEST_STEP][PASSED] - assert paddingBottom == "5px": null

24-05-2024T16:41:12 - [TEST_STEP][PASSED] - transition = getCSSValue(navbarElement, "transition"): Get CSS 'transition' value on 'Object Repository/Page_QRWeb/a_About' successfully: 'all 0.3s ease 0s'.

24-05-2024T16:41:12 - [MESSAGE][PASSED] - Get CSS 'transition' value on 'Object Repository/Page_QRWeb/a_About' successfully: 'all 0.3s ease 0s'.

24-05-2024T16:41:12 - [TEST_STEP][PASSED] - assert transition == "all 0.3s ease 0s": null]]></system-out>
         <system-err><![CDATA[]]></system-err>
      </testcase>
      <testcase name="Test Cases/non-functional/text_body" time="7.58" classname="Test Cases/non-functional/text_body" status="PASSED">
         <system-out><![CDATA[24-05-2024T16:41:12 - [TEST_CASE][PASSED] - Test Cases/non-functional/text_body: Test Cases/non-functional/text_body

24-05-2024T16:41:12 - [TEST_STEP][PASSED] - openBrowser(""): Browser is opened with url: ''

24-05-2024T16:41:12 - [MESSAGE][WARNING] - A browser is already opened. Closing browser and opening a new one

24-05-2024T16:41:12 - [MESSAGE][INFO] - Starting 'Chrome' driver

24-05-2024T16:41:12 - [MESSAGE][INFO] - Action delay is set to 0 milliseconds

24-05-2024T16:41:13 - [MESSAGE][PASSED] - Browser is opened with url: ''

24-05-2024T16:41:13 - [TEST_STEP][PASSED] - maximizeWindow(): Current window maximized

24-05-2024T16:41:13 - [MESSAGE][PASSED] - Current window maximized

24-05-2024T16:41:13 - [TEST_STEP][PASSED] - navigateToUrl("https://qr-web-h1fi.onrender.com/"): Navigate to 'https://qr-web-h1fi.onrender.com/' successfully

24-05-2024T16:41:18 - [MESSAGE][PASSED] - Navigate to 'https://qr-web-h1fi.onrender.com/' successfully

24-05-2024T16:41:18 - [TEST_STEP][PASSED] - bodyElement = findTestObject("Object Repository/Page_QRWeb/p_QRWeb offers a hassle-free solution for w_42d83d"): null

24-05-2024T16:41:18 - [TEST_STEP][PASSED] - getCSSValue(bodyElement, "color"): Get CSS 'color' value on 'Object Repository/Page_QRWeb/p_QRWeb offers a hassle-free solution for w_42d83d' successfully: 'rgba(0, 0, 0, 0.5)'.

24-05-2024T16:41:19 - [MESSAGE][PASSED] - Get CSS 'color' value on 'Object Repository/Page_QRWeb/p_QRWeb offers a hassle-free solution for w_42d83d' successfully: 'rgba(0, 0, 0, 0.5)'.

24-05-2024T16:41:19 - [TEST_STEP][PASSED] - fontFamily = getCSSValue(bodyElement, "font-family"): Get CSS 'font-family' value on 'Object Repository/Page_QRWeb/p_QRWeb offers a hassle-free solution for w_42d83d' successfully: 'Poppins, sans-serif'.

24-05-2024T16:41:19 - [MESSAGE][PASSED] - Get CSS 'font-family' value on 'Object Repository/Page_QRWeb/p_QRWeb offers a hassle-free solution for w_42d83d' successfully: 'Poppins, sans-serif'.

24-05-2024T16:41:19 - [TEST_STEP][PASSED] - assert fontFamily.contains("Poppins") || fontFamily.contains("sans-serif"): null

24-05-2024T16:41:19 - [TEST_STEP][PASSED] - fontWeight = getCSSValue(bodyElement, "font-weight"): Get CSS 'font-weight' value on 'Object Repository/Page_QRWeb/p_QRWeb offers a hassle-free solution for w_42d83d' successfully: '400'.

24-05-2024T16:41:19 - [MESSAGE][PASSED] - Get CSS 'font-weight' value on 'Object Repository/Page_QRWeb/p_QRWeb offers a hassle-free solution for w_42d83d' successfully: '400'.

24-05-2024T16:41:19 - [TEST_STEP][PASSED] - assert fontWeight == "400": null

24-05-2024T16:41:19 - [TEST_STEP][PASSED] - expectedFontSizeRem = 15 / 16: null

24-05-2024T16:41:19 - [TEST_STEP][PASSED] - fontSize = getCSSValue(bodyElement, "font-size"): Get CSS 'font-size' value on 'Object Repository/Page_QRWeb/p_QRWeb offers a hassle-free solution for w_42d83d' successfully: '15px'.

24-05-2024T16:41:20 - [MESSAGE][PASSED] - Get CSS 'font-size' value on 'Object Repository/Page_QRWeb/p_QRWeb offers a hassle-free solution for w_42d83d' successfully: '15px'.

24-05-2024T16:41:20 - [TEST_STEP][PASSED] - actualFontSizeRem = replace("px", "").toBigDecimal() / 16: null

24-05-2024T16:41:20 - [TEST_STEP][PASSED] - assert actualFontSizeRem == expectedFontSizeRem: null]]></system-out>
         <system-err><![CDATA[]]></system-err>
      </testcase>
      <system-out><![CDATA[24-05-2024T16:40:35 - [TEST_SUITE][PASSED] - Non_functional_Test: Test Cases/non-functional/text_body]]></system-out>
      <system-err><![CDATA[]]></system-err>
   </testsuite>
</testsuites>
