<?xml version="1.0" encoding="UTF-8"?>
<testsuites name="MainPageTest" time="64.264" tests="1" failures="0" errors="0">
   <testsuite name="MainPageTest" tests="1" failures="0" errors="0" time="64.264" skipped="0" timestamp="17-05-2024T12:26:54" hostname="Anna - DESKTOP-3UT53HP" id="Test Suites/MainPageTest">
      <properties>
         <property name="deviceName" value=""/>
         <property name="devicePlatform" value=""/>
         <property name="logFolder" value="C:\\Users\\Anna\\git\\QrWeb\\Reports\\20240517_122648\\MainPageTest\\20240517_122648"/>
         <property name="logFiles" value="C:\\Users\\Anna\\git\\QrWeb\\Reports\\20240517_122648\\MainPageTest\\20240517_122648\\execution0.log"/>
         <property name="attachments" value=""/>
         <property name="hostName" value="Anna - DESKTOP-3UT53HP"/>
         <property name="os" value="Windows 10 64bit"/>
         <property name="katalonVersion" value="9.4.0.212"/>
         <property name="browser" value="Chrome 124.0.0.0"/>
         <property name="hostAddress" value="192.168.8.116"/>
         <property name="sessionId" value="e8159f543403171d005209e25fd37bec"/>
         <property name="seleniumVersion" value="3.141.59"/>
         <property name="proxyInformation" value="ProxyInformation { proxyOption=NO_PROXY, proxyServerType=HTTP, username=, password=********, proxyServerAddress=, proxyServerPort=0, executionList=&quot;&quot;, isApplyToDesiredCapabilities=true }"/>
         <property name="platform" value="Windows 10"/>
      </properties>
      <testcase name="Test Cases/functional/main_page" time="64.052" classname="Test Cases/functional/main_page" status="PASSED">
         <system-out><![CDATA[17-05-2024T12:26:55 - [TEST_CASE][PASSED] - Test Cases/functional/main_page: Test Cases/functional/main_page

17-05-2024T12:26:55 - [TEST_STEP][PASSED] - openBrowser(""): Browser is opened with url: ''

17-05-2024T12:26:55 - [MESSAGE][INFO] - Starting 'Chrome' driver

17-05-2024T12:26:55 - [MESSAGE][INFO] - Action delay is set to 0 milliseconds

17-05-2024T12:26:58 - [MESSAGE][PASSED] - Browser is opened with url: ''

17-05-2024T12:26:58 - [TEST_STEP][PASSED] - maximizeWindow(): Current window maximized

17-05-2024T12:26:58 - [MESSAGE][PASSED] - Current window maximized

17-05-2024T12:26:58 - [TEST_STEP][PASSED] - navigateToUrl("https://qr-web-h1fi.onrender.com/"): Navigate to 'https://qr-web-h1fi.onrender.com/' successfully

17-05-2024T12:27:52 - [MESSAGE][PASSED] - Navigate to 'https://qr-web-h1fi.onrender.com/' successfully

17-05-2024T12:27:52 - [TEST_STEP][PASSED] - click(findTestObject("Object Repository/Page_QRWeb/a_Home (current)")): Object: 'Object Repository/Page_QRWeb/a_Home (current)' is clicked on

17-05-2024T12:27:53 - [MESSAGE][PASSED] - Object: 'Object Repository/Page_QRWeb/a_Home (current)' is clicked on

17-05-2024T12:27:53 - [TEST_STEP][PASSED] - click(findTestObject("Object Repository/Page_QRWeb/a_Learn More")): Object: 'Object Repository/Page_QRWeb/a_Learn More' is clicked on

17-05-2024T12:27:53 - [MESSAGE][PASSED] - Object: 'Object Repository/Page_QRWeb/a_Learn More' is clicked on

17-05-2024T12:27:53 - [TEST_STEP][PASSED] - click(findTestObject("Object Repository/Page_QRWeb/a_About")): Object: 'Object Repository/Page_QRWeb/a_About' is clicked on

17-05-2024T12:27:54 - [MESSAGE][PASSED] - Object: 'Object Repository/Page_QRWeb/a_About' is clicked on

17-05-2024T12:27:54 - [TEST_STEP][PASSED] - click(findTestObject("Object Repository/Page_QRWeb/a_Pricing")): Object: 'Object Repository/Page_QRWeb/a_Pricing' is clicked on

17-05-2024T12:27:55 - [MESSAGE][PASSED] - Object: 'Object Repository/Page_QRWeb/a_Pricing' is clicked on

17-05-2024T12:27:55 - [TEST_STEP][PASSED] - click(findTestObject("Object Repository/Page_QRWeb/a_Contact")): Object: 'Object Repository/Page_QRWeb/a_Contact' is clicked on

17-05-2024T12:27:55 - [MESSAGE][PASSED] - Object: 'Object Repository/Page_QRWeb/a_Contact' is clicked on

17-05-2024T12:27:55 - [TEST_STEP][PASSED] - click(findTestObject("Object Repository/Page_QRWeb/h3_Contact Us")): Object: 'Object Repository/Page_QRWeb/h3_Contact Us' is clicked on

17-05-2024T12:27:55 - [MESSAGE][PASSED] - Object: 'Object Repository/Page_QRWeb/h3_Contact Us' is clicked on

17-05-2024T12:27:55 - [TEST_STEP][PASSED] - click(findTestObject("Object Repository/Page_QRWeb/figure_Student g. 50, Kaunas, Lithuania")): Object: 'Object Repository/Page_QRWeb/figure_Student g. 50, Kaunas, Lithuania' is clicked on

17-05-2024T12:27:56 - [MESSAGE][PASSED] - Object: 'Object Repository/Page_QRWeb/figure_Student g. 50, Kaunas, Lithuania' is clicked on

17-05-2024T12:27:56 - [TEST_STEP][PASSED] - click(findTestObject("Object Repository/Page_QRWeb/a_About")): Object: 'Object Repository/Page_QRWeb/a_About' is clicked on

17-05-2024T12:27:56 - [MESSAGE][PASSED] - Object: 'Object Repository/Page_QRWeb/a_About' is clicked on

17-05-2024T12:27:56 - [TEST_STEP][PASSED] - click(findTestObject("Object Repository/Page_QRWeb/h2_What Is QRWeb")): Object: 'Object Repository/Page_QRWeb/h2_What Is QRWeb' is clicked on

17-05-2024T12:27:56 - [MESSAGE][PASSED] - Object: 'Object Repository/Page_QRWeb/h2_What Is QRWeb' is clicked on

17-05-2024T12:27:56 - [TEST_STEP][PASSED] - click(findTestObject("Object Repository/Page_QRWeb/a_Pricing")): Object: 'Object Repository/Page_QRWeb/a_Pricing' is clicked on

17-05-2024T12:27:57 - [MESSAGE][PASSED] - Object: 'Object Repository/Page_QRWeb/a_Pricing' is clicked on

17-05-2024T12:27:57 - [TEST_STEP][PASSED] - click(findTestObject("Object Repository/Page_QRWeb/h2_Affordable Prices")): Object: 'Object Repository/Page_QRWeb/h2_Affordable Prices' is clicked on

17-05-2024T12:27:57 - [MESSAGE][PASSED] - Object: 'Object Repository/Page_QRWeb/h2_Affordable Prices' is clicked on

17-05-2024T12:27:57 - [TEST_STEP][PASSED] - click(findTestObject("Object Repository/Page_QRWeb/h2_Our Clients")): Object: 'Object Repository/Page_QRWeb/h2_Our Clients' is clicked on

17-05-2024T12:27:57 - [MESSAGE][PASSED] - Object: 'Object Repository/Page_QRWeb/h2_Our Clients' is clicked on

17-05-2024T12:27:57 - [TEST_STEP][PASSED] - click(findTestObject("Object Repository/Page_QRWeb/h2_Our Team")): Object: 'Object Repository/Page_QRWeb/h2_Our Team' is clicked on

17-05-2024T12:27:58 - [MESSAGE][PASSED] - Object: 'Object Repository/Page_QRWeb/h2_Our Team' is clicked on

17-05-2024T12:27:58 - [TEST_STEP][PASSED] - click(findTestObject("Object Repository/Page_QRWeb/a_Log in")): Object: 'Object Repository/Page_QRWeb/a_Log in' is clicked on

17-05-2024T12:27:59 - [MESSAGE][PASSED] - Object: 'Object Repository/Page_QRWeb/a_Log in' is clicked on]]></system-out>
         <system-err><![CDATA[]]></system-err>
      </testcase>
      <system-out><![CDATA[17-05-2024T12:26:54 - [TEST_SUITE][PASSED] - MainPageTest: Test Cases/functional/main_page]]></system-out>
      <system-err><![CDATA[]]></system-err>
   </testsuite>
</testsuites>
