<?xml version="1.0" encoding="UTF-8"?>
<testsuites name="Profile_and_constructor_pages" time="22.868" tests="1" failures="0" errors="0">
   <testsuite name="Profile_and_constructor_pages" tests="1" failures="0" errors="0" time="22.868" skipped="0" timestamp="11-05-2024T16:42:40" hostname="Anna - DESKTOP-3UT53HP" id="Test Suites/Profile_and_constructor_pages">
      <properties>
         <property name="deviceName" value=""/>
         <property name="devicePlatform" value=""/>
         <property name="logFolder" value="C:\\Users\\Anna\\git\\QrWeb\\Reports\\20240511_164233\\Profile_and_constructor_pages\\20240511_164234"/>
         <property name="logFiles" value="C:\\Users\\Anna\\git\\QrWeb\\Reports\\20240511_164233\\Profile_and_constructor_pages\\20240511_164234\\execution0.log"/>
         <property name="attachments" value=""/>
         <property name="hostName" value="Anna - DESKTOP-3UT53HP"/>
         <property name="os" value="Windows 10 64bit"/>
         <property name="katalonVersion" value="9.4.0.212"/>
         <property name="browser" value="Chrome 124.0.0.0"/>
         <property name="hostAddress" value="192.168.8.116"/>
         <property name="sessionId" value="517112d7f2bacdf56c1beffecb09dd4d"/>
         <property name="seleniumVersion" value="3.141.59"/>
         <property name="proxyInformation" value="ProxyInformation { proxyOption=NO_PROXY, proxyServerType=HTTP, username=, password=********, proxyServerAddress=, proxyServerPort=0, executionList=&quot;&quot;, isApplyToDesiredCapabilities=true }"/>
         <property name="platform" value="Windows 10"/>
      </properties>
      <testcase name="Test Cases/functional/profile_and_constructor_pages" time="22.678" classname="Test Cases/functional/profile_and_constructor_pages" status="PASSED">
         <system-out><![CDATA[11-05-2024T16:42:41 - [TEST_CASE][PASSED] - Test Cases/functional/profile_and_constructor_pages: Test Cases/functional/profile_and_constructor_pages

11-05-2024T16:42:41 - [TEST_STEP][PASSED] - openBrowser(""): Browser is opened with url: ''

11-05-2024T16:42:41 - [MESSAGE][INFO] - Starting 'Chrome' driver

11-05-2024T16:42:41 - [MESSAGE][INFO] - Action delay is set to 0 milliseconds

11-05-2024T16:42:43 - [MESSAGE][PASSED] - Browser is opened with url: ''

11-05-2024T16:42:43 - [TEST_STEP][PASSED] - maximizeWindow(): Current window maximized

11-05-2024T16:42:43 - [MESSAGE][PASSED] - Current window maximized

11-05-2024T16:42:43 - [TEST_STEP][PASSED] - navigateToUrl("https://qr-web-h1fi.onrender.com/"): Navigate to 'https://qr-web-h1fi.onrender.com/' successfully

11-05-2024T16:42:48 - [MESSAGE][PASSED] - Navigate to 'https://qr-web-h1fi.onrender.com/' successfully

11-05-2024T16:42:48 - [TEST_STEP][PASSED] - click(findTestObject("Object Repository/Page_QRWeb/a_Log in")): Object: 'Object Repository/Page_QRWeb/a_Log in' is clicked on

11-05-2024T16:42:50 - [MESSAGE][PASSED] - Object: 'Object Repository/Page_QRWeb/a_Log in' is clicked on

11-05-2024T16:42:50 - [TEST_STEP][PASSED] - setText(findTestObject("Object Repository/Page_QRWeb/input__username"), "user7"): Text 'user7' is set on object 'Object Repository/Page_QRWeb/input__username'

11-05-2024T16:42:50 - [MESSAGE][PASSED] - Text 'user7' is set on object 'Object Repository/Page_QRWeb/input__username'

11-05-2024T16:42:50 - [TEST_STEP][PASSED] - setEncryptedText(findTestObject("Object Repository/Page_QRWeb/input__password"), "RigbBhfdqOALcqUsFYWzlQ=="): Text ****** has been set on object 'Object Repository/Page_QRWeb/input__password'

11-05-2024T16:42:51 - [MESSAGE][PASSED] - Text ****** has been set on object 'Object Repository/Page_QRWeb/input__password'

11-05-2024T16:42:51 - [TEST_STEP][PASSED] - click(findTestObject("Object Repository/Page_QRWeb/button_Login")): Object: 'Object Repository/Page_QRWeb/button_Login' is clicked on

11-05-2024T16:42:56 - [MESSAGE][PASSED] - Object: 'Object Repository/Page_QRWeb/button_Login' is clicked on

11-05-2024T16:42:56 - [TEST_STEP][PASSED] - click(findTestObject("Object Repository/Page_QRWeb/a_Create New Page")): Object: 'Object Repository/Page_QRWeb/a_Create New Page' is clicked on

11-05-2024T16:42:57 - [MESSAGE][PASSED] - Object: 'Object Repository/Page_QRWeb/a_Create New Page' is clicked on

11-05-2024T16:42:57 - [TEST_STEP][PASSED] - setText(findTestObject("Object Repository/Page_QRWeb/input_Sign out_title"), "Animals"): Text 'Animals' is set on object 'Object Repository/Page_QRWeb/input_Sign out_title'

11-05-2024T16:42:58 - [MESSAGE][PASSED] - Text 'Animals' is set on object 'Object Repository/Page_QRWeb/input_Sign out_title'

11-05-2024T16:42:58 - [TEST_STEP][PASSED] - verifyElementClickable(findTestObject("Object Repository/Page_QRWeb/div_CEO at Nova Solutions_owl-dot")): Object 'Object Repository/Page_QRWeb/div_CEO at Nova Solutions_owl-dot' is clickable

11-05-2024T16:42:58 - [MESSAGE][PASSED] - Object 'Object Repository/Page_QRWeb/div_CEO at Nova Solutions_owl-dot' is clickable

11-05-2024T16:42:58 - [TEST_STEP][PASSED] - verifyElementClickable(findTestObject("Object Repository/Page_QRWeb/div_Heading")): Object 'Object Repository/Page_QRWeb/div_Heading' is clickable

11-05-2024T16:42:59 - [MESSAGE][PASSED] - Object 'Object Repository/Page_QRWeb/div_Heading' is clickable

11-05-2024T16:42:59 - [TEST_STEP][PASSED] - verifyElementClickable(findTestObject("Object Repository/Page_QRWeb/div_List")): Object 'Object Repository/Page_QRWeb/div_List' is clickable

11-05-2024T16:42:59 - [MESSAGE][PASSED] - Object 'Object Repository/Page_QRWeb/div_List' is clickable

11-05-2024T16:42:59 - [TEST_STEP][PASSED] - verifyElementClickable(findTestObject("Object Repository/Page_QRWeb/div_Table")): Object 'Object Repository/Page_QRWeb/div_Table' is clickable

11-05-2024T16:42:59 - [MESSAGE][PASSED] - Object 'Object Repository/Page_QRWeb/div_Table' is clickable

11-05-2024T16:42:59 - [TEST_STEP][PASSED] - verifyElementClickable(findTestObject("Object Repository/Page_QRWeb/div_Image")): Object 'Object Repository/Page_QRWeb/div_Image' is clickable

11-05-2024T16:43:00 - [MESSAGE][PASSED] - Object 'Object Repository/Page_QRWeb/div_Image' is clickable

11-05-2024T16:43:00 - [TEST_STEP][PASSED] - verifyElementClickable(findTestObject("Object Repository/Page_QRWeb/div_Code")): Object 'Object Repository/Page_QRWeb/div_Code' is clickable

11-05-2024T16:43:00 - [MESSAGE][PASSED] - Object 'Object Repository/Page_QRWeb/div_Code' is clickable

11-05-2024T16:43:00 - [TEST_STEP][PASSED] - verifyElementClickable(findTestObject("Object Repository/Page_QRWeb/div_Link")): Object 'Object Repository/Page_QRWeb/div_Link' is clickable

11-05-2024T16:43:00 - [MESSAGE][PASSED] - Object 'Object Repository/Page_QRWeb/div_Link' is clickable

11-05-2024T16:43:00 - [TEST_STEP][PASSED] - click(findTestObject("Object Repository/Page_QRWeb/button_Save page")): Object: 'Object Repository/Page_QRWeb/button_Save page' is clicked on

11-05-2024T16:43:01 - [MESSAGE][PASSED] - Object: 'Object Repository/Page_QRWeb/button_Save page' is clicked on

11-05-2024T16:43:01 - [TEST_STEP][PASSED] - click(findTestObject("Object Repository/Page_QRWeb/a_Open")): Object: 'Object Repository/Page_QRWeb/a_Open' is clicked on

11-05-2024T16:43:02 - [MESSAGE][PASSED] - Object: 'Object Repository/Page_QRWeb/a_Open' is clicked on

11-05-2024T16:43:02 - [TEST_STEP][PASSED] - click(findTestObject("Object Repository/Page_QRWeb/a_Back to profile")): Object: 'Object Repository/Page_QRWeb/a_Back to profile' is clicked on

11-05-2024T16:43:02 - [MESSAGE][PASSED] - Object: 'Object Repository/Page_QRWeb/a_Back to profile' is clicked on

11-05-2024T16:43:02 - [TEST_STEP][PASSED] - verifyElementClickable(findTestObject("Object Repository/Page_QRWeb/button_Change Password")): Object 'Object Repository/Page_QRWeb/button_Change Password' is clickable

11-05-2024T16:43:03 - [MESSAGE][PASSED] - Object 'Object Repository/Page_QRWeb/button_Change Password' is clickable

11-05-2024T16:43:03 - [TEST_STEP][PASSED] - click(findTestObject("Object Repository/Page_QRWeb/a_Sign out")): Object: 'Object Repository/Page_QRWeb/a_Sign out' is clicked on

11-05-2024T16:43:03 - [MESSAGE][PASSED] - Object: 'Object Repository/Page_QRWeb/a_Sign out' is clicked on]]></system-out>
         <system-err><![CDATA[]]></system-err>
      </testcase>
      <system-out><![CDATA[11-05-2024T16:42:40 - [TEST_SUITE][PASSED] - Profile_and_constructor_pages: Test Cases/functional/profile_and_constructor_pages]]></system-out>
      <system-err><![CDATA[]]></system-err>
   </testsuite>
</testsuites>
