<?xml version="1.0" encoding="UTF-8"?>
<testsuites name="LoginTest" time="16.833" tests="1" failures="0" errors="0">
   <testsuite name="LoginTest" tests="1" failures="0" errors="0" time="16.833" skipped="0" timestamp="10-05-2024T21:21:57" hostname="Anna - DESKTOP-3UT53HP" id="Test Suites/LoginTest">
      <properties>
         <property name="deviceName" value=""/>
         <property name="devicePlatform" value=""/>
         <property name="logFolder" value="C:\\Users\\Anna\\git\\QrWeb\\Reports\\20240510_212151\\LoginTest\\20240510_212151"/>
         <property name="logFiles" value="C:\\Users\\Anna\\git\\QrWeb\\Reports\\20240510_212151\\LoginTest\\20240510_212151\\execution0.log"/>
         <property name="attachments" value=""/>
         <property name="hostName" value="Anna - DESKTOP-3UT53HP"/>
         <property name="os" value="Windows 10 64bit"/>
         <property name="katalonVersion" value="9.4.0.212"/>
         <property name="browser" value="Chrome 124.0.0.0"/>
         <property name="hostAddress" value="192.168.8.116"/>
         <property name="sessionId" value="fe48af1a7e743e1f222722deddf1b513"/>
         <property name="seleniumVersion" value="3.141.59"/>
         <property name="proxyInformation" value="ProxyInformation { proxyOption=NO_PROXY, proxyServerType=HTTP, username=, password=********, proxyServerAddress=, proxyServerPort=0, executionList=&quot;&quot;, isApplyToDesiredCapabilities=true }"/>
         <property name="platform" value="Windows 10"/>
      </properties>
      <testcase name="Test Cases/functional/login" time="16.64" classname="Test Cases/functional/login" status="PASSED">
         <system-out><![CDATA[10-05-2024T21:21:57 - [TEST_CASE][PASSED] - Test Cases/functional/login: Test Cases/functional/login

10-05-2024T21:21:57 - [TEST_STEP][PASSED] - openBrowser(""): Browser is opened with url: ''

10-05-2024T21:21:58 - [MESSAGE][INFO] - Starting 'Chrome' driver

10-05-2024T21:21:58 - [MESSAGE][INFO] - Action delay is set to 0 milliseconds

10-05-2024T21:21:59 - [MESSAGE][PASSED] - Browser is opened with url: ''

10-05-2024T21:21:59 - [TEST_STEP][PASSED] - navigateToUrl("https://qr-web-h1fi.onrender.com/"): Navigate to 'https://qr-web-h1fi.onrender.com/' successfully

10-05-2024T21:22:09 - [MESSAGE][PASSED] - Navigate to 'https://qr-web-h1fi.onrender.com/' successfully

10-05-2024T21:22:09 - [TEST_STEP][PASSED] - click(findTestObject("Object Repository/Page_QRWeb/a_Log in")): Object: 'Object Repository/Page_QRWeb/a_Log in' is clicked on

10-05-2024T21:22:11 - [MESSAGE][PASSED] - Object: 'Object Repository/Page_QRWeb/a_Log in' is clicked on

10-05-2024T21:22:11 - [TEST_STEP][PASSED] - setText(findTestObject("Object Repository/Page_QRWeb/input__username"), "user6"): Text 'user6' is set on object 'Object Repository/Page_QRWeb/input__username'

10-05-2024T21:22:11 - [MESSAGE][PASSED] - Text 'user6' is set on object 'Object Repository/Page_QRWeb/input__username'

10-05-2024T21:22:11 - [TEST_STEP][PASSED] - setEncryptedText(findTestObject("Object Repository/Page_QRWeb/input__password"), "RigbBhfdqOALcqUsFYWzlQ=="): Text ****** has been set on object 'Object Repository/Page_QRWeb/input__password'

10-05-2024T21:22:12 - [MESSAGE][PASSED] - Text ****** has been set on object 'Object Repository/Page_QRWeb/input__password'

10-05-2024T21:22:12 - [TEST_STEP][PASSED] - click(findTestObject("Object Repository/Page_QRWeb/button_Login")): Object: 'Object Repository/Page_QRWeb/button_Login' is clicked on

10-05-2024T21:22:14 - [MESSAGE][PASSED] - Object: 'Object Repository/Page_QRWeb/button_Login' is clicked on]]></system-out>
         <system-err><![CDATA[]]></system-err>
      </testcase>
      <system-out><![CDATA[10-05-2024T21:21:57 - [TEST_SUITE][PASSED] - LoginTest: Test Cases/functional/login]]></system-out>
      <system-err><![CDATA[]]></system-err>
   </testsuite>
</testsuites>
