<?xml version="1.0" encoding="UTF-8"?>
<testsuites name="LoginTest" time="15.454" tests="1" failures="0" errors="0">
   <testsuite name="LoginTest" tests="1" failures="0" errors="0" time="15.454" skipped="0" timestamp="11-05-2024T13:44:01" hostname="Anna - DESKTOP-3UT53HP" id="Test Suites/LoginTest">
      <properties>
         <property name="deviceName" value=""/>
         <property name="devicePlatform" value=""/>
         <property name="logFolder" value="C:\\Users\\Anna\\git\\QrWeb\\Reports\\20240511_134353\\LoginTest\\20240511_134353"/>
         <property name="logFiles" value="C:\\Users\\Anna\\git\\QrWeb\\Reports\\20240511_134353\\LoginTest\\20240511_134353\\execution0.log"/>
         <property name="attachments" value=""/>
         <property name="hostName" value="Anna - DESKTOP-3UT53HP"/>
         <property name="os" value="Windows 10 64bit"/>
         <property name="katalonVersion" value="9.4.0.212"/>
         <property name="browser" value="Chrome 124.0.0.0"/>
         <property name="hostAddress" value="192.168.8.116"/>
         <property name="sessionId" value="3be1661c6ba6d6ba66b99846fe2cee0c"/>
         <property name="seleniumVersion" value="3.141.59"/>
         <property name="proxyInformation" value="ProxyInformation { proxyOption=NO_PROXY, proxyServerType=HTTP, username=, password=********, proxyServerAddress=, proxyServerPort=0, executionList=&quot;&quot;, isApplyToDesiredCapabilities=true }"/>
         <property name="platform" value="Windows 10"/>
      </properties>
      <testcase name="Test Cases/functional/login" time="15.192" classname="Test Cases/functional/login" status="PASSED">
         <system-out><![CDATA[11-05-2024T13:44:01 - [TEST_CASE][PASSED] - Test Cases/functional/login: Test Cases/functional/login

11-05-2024T13:44:02 - [TEST_STEP][PASSED] - openBrowser(""): Browser is opened with url: ''

11-05-2024T13:44:02 - [MESSAGE][INFO] - Starting 'Chrome' driver

11-05-2024T13:44:02 - [MESSAGE][INFO] - Action delay is set to 0 milliseconds

11-05-2024T13:44:04 - [MESSAGE][PASSED] - Browser is opened with url: ''

11-05-2024T13:44:04 - [TEST_STEP][PASSED] - navigateToUrl("https://qr-web-h1fi.onrender.com/"): Navigate to 'https://qr-web-h1fi.onrender.com/' successfully

11-05-2024T13:44:10 - [MESSAGE][PASSED] - Navigate to 'https://qr-web-h1fi.onrender.com/' successfully

11-05-2024T13:44:10 - [TEST_STEP][PASSED] - click(findTestObject("Object Repository/Page_QRWeb/a_Log in")): Object: 'Object Repository/Page_QRWeb/a_Log in' is clicked on

11-05-2024T13:44:11 - [MESSAGE][PASSED] - Object: 'Object Repository/Page_QRWeb/a_Log in' is clicked on

11-05-2024T13:44:11 - [TEST_STEP][PASSED] - setText(findTestObject("Object Repository/Page_QRWeb/input__username"), "user7"): Text 'user7' is set on object 'Object Repository/Page_QRWeb/input__username'

11-05-2024T13:44:12 - [MESSAGE][PASSED] - Text 'user7' is set on object 'Object Repository/Page_QRWeb/input__username'

11-05-2024T13:44:12 - [TEST_STEP][PASSED] - setEncryptedText(findTestObject("Object Repository/Page_QRWeb/input__password"), "RigbBhfdqOALcqUsFYWzlQ=="): Text ****** has been set on object 'Object Repository/Page_QRWeb/input__password'

11-05-2024T13:44:13 - [MESSAGE][PASSED] - Text ****** has been set on object 'Object Repository/Page_QRWeb/input__password'

11-05-2024T13:44:13 - [TEST_STEP][PASSED] - click(findTestObject("Object Repository/Page_QRWeb/button_Login")): Object: 'Object Repository/Page_QRWeb/button_Login' is clicked on

11-05-2024T13:44:16 - [MESSAGE][PASSED] - Object: 'Object Repository/Page_QRWeb/button_Login' is clicked on]]></system-out>
         <system-err><![CDATA[]]></system-err>
      </testcase>
      <system-out><![CDATA[11-05-2024T13:44:01 - [TEST_SUITE][PASSED] - LoginTest: Test Cases/functional/login]]></system-out>
      <system-err><![CDATA[]]></system-err>
   </testsuite>
</testsuites>
