<?xml version="1.0" encoding="UTF-8"?>
<testsuites name="MainPageTest" time="18.592" tests="1" failures="0" errors="0">
   <testsuite name="MainPageTest" tests="1" failures="0" errors="0" time="18.592" skipped="0" timestamp="11-05-2024T13:45:07" hostname="Anna - DESKTOP-3UT53HP" id="Test Suites/MainPageTest">
      <properties>
         <property name="deviceName" value=""/>
         <property name="devicePlatform" value=""/>
         <property name="logFolder" value="C:\\Users\\Anna\\git\\QrWeb\\Reports\\20240511_134459\\MainPageTest\\20240511_134459"/>
         <property name="logFiles" value="C:\\Users\\Anna\\git\\QrWeb\\Reports\\20240511_134459\\MainPageTest\\20240511_134459\\execution0.log"/>
         <property name="attachments" value=""/>
         <property name="hostName" value="Anna - DESKTOP-3UT53HP"/>
         <property name="os" value="Windows 10 64bit"/>
         <property name="katalonVersion" value="9.4.0.212"/>
         <property name="browser" value="Chrome 124.0.0.0"/>
         <property name="hostAddress" value="192.168.8.116"/>
         <property name="sessionId" value="449e11635b3f2a42b7566c2b8c604fb0"/>
         <property name="seleniumVersion" value="3.141.59"/>
         <property name="proxyInformation" value="ProxyInformation { proxyOption=NO_PROXY, proxyServerType=HTTP, username=, password=********, proxyServerAddress=, proxyServerPort=0, executionList=&quot;&quot;, isApplyToDesiredCapabilities=true }"/>
         <property name="platform" value="Windows 10"/>
      </properties>
      <testcase name="Test Cases/functional/main_page" time="18.304" classname="Test Cases/functional/main_page" status="PASSED">
         <system-out><![CDATA[11-05-2024T13:45:07 - [TEST_CASE][PASSED] - Test Cases/functional/main_page: Test Cases/functional/main_page

11-05-2024T13:45:08 - [TEST_STEP][PASSED] - openBrowser(""): Browser is opened with url: ''

11-05-2024T13:45:08 - [MESSAGE][INFO] - Starting 'Chrome' driver

11-05-2024T13:45:08 - [MESSAGE][INFO] - Action delay is set to 0 milliseconds

11-05-2024T13:45:11 - [MESSAGE][PASSED] - Browser is opened with url: ''

11-05-2024T13:45:11 - [TEST_STEP][PASSED] - navigateToUrl("https://qr-web-h1fi.onrender.com/"): Navigate to 'https://qr-web-h1fi.onrender.com/' successfully

11-05-2024T13:45:16 - [MESSAGE][PASSED] - Navigate to 'https://qr-web-h1fi.onrender.com/' successfully

11-05-2024T13:45:16 - [TEST_STEP][PASSED] - click(findTestObject("Object Repository/Page_QRWeb/a_Home (current)")): Object: 'Object Repository/Page_QRWeb/a_Home (current)' is clicked on

11-05-2024T13:45:17 - [MESSAGE][PASSED] - Object: 'Object Repository/Page_QRWeb/a_Home (current)' is clicked on

11-05-2024T13:45:17 - [TEST_STEP][PASSED] - click(findTestObject("Object Repository/Page_QRWeb/a_Learn More")): Object: 'Object Repository/Page_QRWeb/a_Learn More' is clicked on

11-05-2024T13:45:18 - [MESSAGE][PASSED] - Object: 'Object Repository/Page_QRWeb/a_Learn More' is clicked on

11-05-2024T13:45:18 - [TEST_STEP][PASSED] - click(findTestObject("Object Repository/Page_QRWeb/a_About")): Object: 'Object Repository/Page_QRWeb/a_About' is clicked on

11-05-2024T13:45:19 - [MESSAGE][PASSED] - Object: 'Object Repository/Page_QRWeb/a_About' is clicked on

11-05-2024T13:45:19 - [TEST_STEP][PASSED] - click(findTestObject("Object Repository/Page_QRWeb/a_Pricing")): Object: 'Object Repository/Page_QRWeb/a_Pricing' is clicked on

11-05-2024T13:45:19 - [MESSAGE][PASSED] - Object: 'Object Repository/Page_QRWeb/a_Pricing' is clicked on

11-05-2024T13:45:19 - [TEST_STEP][PASSED] - click(findTestObject("Object Repository/Page_QRWeb/a_Contact")): Object: 'Object Repository/Page_QRWeb/a_Contact' is clicked on

11-05-2024T13:45:20 - [MESSAGE][PASSED] - Object: 'Object Repository/Page_QRWeb/a_Contact' is clicked on

11-05-2024T13:45:20 - [TEST_STEP][PASSED] - click(findTestObject("Object Repository/Page_QRWeb/h3_Contact Us")): Object: 'Object Repository/Page_QRWeb/h3_Contact Us' is clicked on

11-05-2024T13:45:20 - [MESSAGE][PASSED] - Object: 'Object Repository/Page_QRWeb/h3_Contact Us' is clicked on

11-05-2024T13:45:20 - [TEST_STEP][PASSED] - click(findTestObject("Object Repository/Page_QRWeb/figure_Student g. 50, Kaunas, Lithuania")): Object: 'Object Repository/Page_QRWeb/figure_Student g. 50, Kaunas, Lithuania' is clicked on

11-05-2024T13:45:21 - [MESSAGE][PASSED] - Object: 'Object Repository/Page_QRWeb/figure_Student g. 50, Kaunas, Lithuania' is clicked on

11-05-2024T13:45:21 - [TEST_STEP][PASSED] - click(findTestObject("Object Repository/Page_QRWeb/a_About")): Object: 'Object Repository/Page_QRWeb/a_About' is clicked on

11-05-2024T13:45:21 - [MESSAGE][PASSED] - Object: 'Object Repository/Page_QRWeb/a_About' is clicked on

11-05-2024T13:45:21 - [TEST_STEP][PASSED] - click(findTestObject("Object Repository/Page_QRWeb/h2_What Is QRWeb")): Object: 'Object Repository/Page_QRWeb/h2_What Is QRWeb' is clicked on

11-05-2024T13:45:22 - [MESSAGE][PASSED] - Object: 'Object Repository/Page_QRWeb/h2_What Is QRWeb' is clicked on

11-05-2024T13:45:22 - [TEST_STEP][PASSED] - click(findTestObject("Object Repository/Page_QRWeb/a_Pricing")): Object: 'Object Repository/Page_QRWeb/a_Pricing' is clicked on

11-05-2024T13:45:22 - [MESSAGE][PASSED] - Object: 'Object Repository/Page_QRWeb/a_Pricing' is clicked on

11-05-2024T13:45:22 - [TEST_STEP][PASSED] - click(findTestObject("Object Repository/Page_QRWeb/h2_Affordable Prices")): Object: 'Object Repository/Page_QRWeb/h2_Affordable Prices' is clicked on

11-05-2024T13:45:22 - [MESSAGE][PASSED] - Object: 'Object Repository/Page_QRWeb/h2_Affordable Prices' is clicked on

11-05-2024T13:45:22 - [TEST_STEP][PASSED] - click(findTestObject("Object Repository/Page_QRWeb/h2_Our Clients")): Object: 'Object Repository/Page_QRWeb/h2_Our Clients' is clicked on

11-05-2024T13:45:23 - [MESSAGE][PASSED] - Object: 'Object Repository/Page_QRWeb/h2_Our Clients' is clicked on

11-05-2024T13:45:23 - [TEST_STEP][PASSED] - click(findTestObject("Object Repository/Page_QRWeb/h2_Our Team")): Object: 'Object Repository/Page_QRWeb/h2_Our Team' is clicked on

11-05-2024T13:45:23 - [MESSAGE][PASSED] - Object: 'Object Repository/Page_QRWeb/h2_Our Team' is clicked on

11-05-2024T13:45:23 - [TEST_STEP][PASSED] - click(findTestObject("Object Repository/Page_QRWeb/a_Log in")): Object: 'Object Repository/Page_QRWeb/a_Log in' is clicked on

11-05-2024T13:45:26 - [MESSAGE][PASSED] - Object: 'Object Repository/Page_QRWeb/a_Log in' is clicked on]]></system-out>
         <system-err><![CDATA[]]></system-err>
      </testcase>
      <system-out><![CDATA[11-05-2024T13:45:07 - [TEST_SUITE][PASSED] - MainPageTest: Test Cases/functional/main_page]]></system-out>
      <system-err><![CDATA[]]></system-err>
   </testsuite>
</testsuites>
