<?xml version="1.0" encoding="UTF-8"?>
<testsuites name="Non_functional_Test" time="33.911" tests="5" failures="0" errors="0">
   <testsuite name="Non_functional_Test" tests="5" failures="0" errors="0" time="33.911" skipped="0" timestamp="26-05-2024T14:08:05" hostname="Anna - DESKTOP-3UT53HP" id="Test Suites/Non_functional_Test">
      <properties>
         <property name="deviceName" value=""/>
         <property name="devicePlatform" value=""/>
         <property name="logFolder" value="C:\\Users\\Anna\\git\\QrWeb\\Reports\\20240526_140757\\Non_functional_Test\\20240526_140757"/>
         <property name="logFiles" value="C:\\Users\\Anna\\git\\QrWeb\\Reports\\20240526_140757\\Non_functional_Test\\20240526_140757\\execution0.log"/>
         <property name="attachments" value=""/>
         <property name="hostName" value="Anna - DESKTOP-3UT53HP"/>
         <property name="os" value="Windows 10 64bit"/>
         <property name="katalonVersion" value="9.4.0.212"/>
         <property name="browser" value="Chrome 125.0.0.0"/>
         <property name="hostAddress" value="192.168.8.116"/>
         <property name="sessionId" value="6082a6096bd0e5f707c4218fb00ab493"/>
         <property name="seleniumVersion" value="3.141.59"/>
         <property name="proxyInformation" value="ProxyInformation { proxyOption=NO_PROXY, proxyServerType=HTTP, username=, password=********, proxyServerAddress=, proxyServerPort=0, executionList=&quot;&quot;, isApplyToDesiredCapabilities=true }"/>
         <property name="platform" value="Windows 10"/>
      </properties>
      <testcase name="Test Cases/non-functional/animation" time="6.823" classname="Test Cases/non-functional/animation" status="PASSED">
         <system-out><![CDATA[26-05-2024T14:08:05 - [TEST_CASE][PASSED] - Test Cases/non-functional/animation: Test Cases/non-functional/animation

26-05-2024T14:08:06 - [TEST_STEP][PASSED] - openBrowser(""): Browser is opened with url: ''

26-05-2024T14:08:06 - [MESSAGE][INFO] - Starting 'Chrome' driver

26-05-2024T14:08:06 - [MESSAGE][INFO] - Action delay is set to 0 milliseconds

26-05-2024T14:08:08 - [MESSAGE][PASSED] - Browser is opened with url: ''

26-05-2024T14:08:08 - [TEST_STEP][PASSED] - maximizeWindow(): Current window maximized

26-05-2024T14:08:08 - [MESSAGE][PASSED] - Current window maximized

26-05-2024T14:08:08 - [TEST_STEP][PASSED] - navigateToUrl("https://qr-web-h1fi.onrender.com/"): Navigate to 'https://qr-web-h1fi.onrender.com/' successfully

26-05-2024T14:08:11 - [MESSAGE][PASSED] - Navigate to 'https://qr-web-h1fi.onrender.com/' successfully

26-05-2024T14:08:11 - [TEST_STEP][PASSED] - animatedElement = findTestObject("Object Repository/Page_QRWeb/div_Anna                                   _6c39b4"): null

26-05-2024T14:08:11 - [TEST_STEP][PASSED] - opacity = getCSSValue(animatedElement, "opacity"): Get CSS 'opacity' value on 'Object Repository/Page_QRWeb/div_Anna                                   _6c39b4' successfully: '1'.

26-05-2024T14:08:11 - [MESSAGE][PASSED] - Get CSS 'opacity' value on 'Object Repository/Page_QRWeb/div_Anna                                   _6c39b4' successfully: '1'.

26-05-2024T14:08:12 - [TEST_STEP][PASSED] - assert opacity == "1": null

26-05-2024T14:08:12 - [TEST_STEP][PASSED] - animationFillMode = getCSSValue(animatedElement, "animation-fill-mode"): Get CSS 'animation-fill-mode' value on 'Object Repository/Page_QRWeb/div_Anna                                   _6c39b4' successfully: 'none'.

26-05-2024T14:08:12 - [MESSAGE][PASSED] - Get CSS 'animation-fill-mode' value on 'Object Repository/Page_QRWeb/div_Anna                                   _6c39b4' successfully: 'none'.

26-05-2024T14:08:12 - [TEST_STEP][PASSED] - assert animationFillMode == "none": null

26-05-2024T14:08:12 - [TEST_STEP][PASSED] - animationDuration = getCSSValue(animatedElement, "animation-duration"): Get CSS 'animation-duration' value on 'Object Repository/Page_QRWeb/div_Anna                                   _6c39b4' successfully: '0s'.

26-05-2024T14:08:12 - [MESSAGE][PASSED] - Get CSS 'animation-duration' value on 'Object Repository/Page_QRWeb/div_Anna                                   _6c39b4' successfully: '0s'.

26-05-2024T14:08:12 - [TEST_STEP][PASSED] - assert animationDuration == "0s": null]]></system-out>
         <system-err><![CDATA[]]></system-err>
      </testcase>
      <testcase name="Test Cases/non-functional/button_login" time="10.986" classname="Test Cases/non-functional/button_login" status="PASSED">
         <system-out><![CDATA[26-05-2024T14:08:12 - [TEST_CASE][PASSED] - Test Cases/non-functional/button_login: Test Cases/non-functional/button_login

26-05-2024T14:08:12 - [TEST_STEP][PASSED] - openBrowser(""): Browser is opened with url: ''

26-05-2024T14:08:12 - [MESSAGE][WARNING] - A browser is already opened. Closing browser and opening a new one

26-05-2024T14:08:13 - [MESSAGE][INFO] - Starting 'Chrome' driver

26-05-2024T14:08:13 - [MESSAGE][INFO] - Action delay is set to 0 milliseconds

26-05-2024T14:08:13 - [MESSAGE][PASSED] - Browser is opened with url: ''

26-05-2024T14:08:13 - [TEST_STEP][PASSED] - maximizeWindow(): Current window maximized

26-05-2024T14:08:13 - [MESSAGE][PASSED] - Current window maximized

26-05-2024T14:08:13 - [TEST_STEP][PASSED] - navigateToUrl("https://qr-web-h1fi.onrender.com/"): Navigate to 'https://qr-web-h1fi.onrender.com/' successfully

26-05-2024T14:08:17 - [MESSAGE][PASSED] - Navigate to 'https://qr-web-h1fi.onrender.com/' successfully

26-05-2024T14:08:17 - [TEST_STEP][PASSED] - getCSSValue(findTestObject("Object Repository/Page_QRWeb/a_Log in"), "color"): Get CSS 'color' value on 'Object Repository/Page_QRWeb/a_Log in' successfully: 'rgba(255, 255, 255, 1)'.

26-05-2024T14:08:17 - [MESSAGE][PASSED] - Get CSS 'color' value on 'Object Repository/Page_QRWeb/a_Log in' successfully: 'rgba(255, 255, 255, 1)'.

26-05-2024T14:08:17 - [TEST_STEP][PASSED] - getCSSValue(findTestObject("Object Repository/Page_QRWeb/a_Log in"), "font-family"): Get CSS 'font-family' value on 'Object Repository/Page_QRWeb/a_Log in' successfully: 'Poppins, sans-serif'.

26-05-2024T14:08:17 - [MESSAGE][PASSED] - Get CSS 'font-family' value on 'Object Repository/Page_QRWeb/a_Log in' successfully: 'Poppins, sans-serif'.

26-05-2024T14:08:17 - [TEST_STEP][PASSED] - getCSSValue(findTestObject("Object Repository/Page_QRWeb/a_Log in"), "background-color"): Get CSS 'background-color' value on 'Object Repository/Page_QRWeb/a_Log in' successfully: 'rgba(56, 131, 200, 1)'.

26-05-2024T14:08:18 - [MESSAGE][PASSED] - Get CSS 'background-color' value on 'Object Repository/Page_QRWeb/a_Log in' successfully: 'rgba(56, 131, 200, 1)'.

26-05-2024T14:08:18 - [TEST_STEP][PASSED] - height = getElementHeight(findTestObject("Object Repository/Page_QRWeb/a_Log in")): Height of element 'Object Repository/Page_QRWeb/a_Log in' is '33'.

26-05-2024T14:08:18 - [MESSAGE][PASSED] - Height of element 'Object Repository/Page_QRWeb/a_Log in' is '33'.

26-05-2024T14:08:18 - [TEST_STEP][PASSED] - width = getElementWidth(findTestObject("Object Repository/Page_QRWeb/a_Log in")): Width of element 'Object Repository/Page_QRWeb/a_Log in' is '74'

26-05-2024T14:08:18 - [MESSAGE][PASSED] - Width of element 'Object Repository/Page_QRWeb/a_Log in' is '74'

26-05-2024T14:08:18 - [TEST_STEP][PASSED] - getCSSValue(findTestObject("Object Repository/Page_QRWeb/a_Log in"), "color"): Get CSS 'color' value on 'Object Repository/Page_QRWeb/a_Log in' successfully: 'rgba(255, 255, 255, 1)'.

26-05-2024T14:08:19 - [MESSAGE][PASSED] - Get CSS 'color' value on 'Object Repository/Page_QRWeb/a_Log in' successfully: 'rgba(255, 255, 255, 1)'.

26-05-2024T14:08:19 - [TEST_STEP][PASSED] - buttonElement = findTestObject("Object Repository/Page_QRWeb/a_Log in"): null

26-05-2024T14:08:19 - [TEST_STEP][PASSED] - borderRadius = getCSSValue(buttonElement, "border-radius"): Get CSS 'border-radius' value on 'Object Repository/Page_QRWeb/a_Log in' successfully: '100px'.

26-05-2024T14:08:19 - [MESSAGE][PASSED] - Get CSS 'border-radius' value on 'Object Repository/Page_QRWeb/a_Log in' successfully: '100px'.

26-05-2024T14:08:19 - [TEST_STEP][PASSED] - assert borderRadius == "100px": null

26-05-2024T14:08:19 - [TEST_STEP][PASSED] - fontWeight = getCSSValue(buttonElement, "font-weight"): Get CSS 'font-weight' value on 'Object Repository/Page_QRWeb/a_Log in' successfully: '600'.

26-05-2024T14:08:19 - [MESSAGE][PASSED] - Get CSS 'font-weight' value on 'Object Repository/Page_QRWeb/a_Log in' successfully: '600'.

26-05-2024T14:08:19 - [TEST_STEP][PASSED] - assert fontWeight == "600": null

26-05-2024T14:08:19 - [TEST_STEP][PASSED] - fontSizeRem = getCSSValue(buttonElement, "font-size"): Get CSS 'font-size' value on 'Object Repository/Page_QRWeb/a_Log in' successfully: '13px'.

26-05-2024T14:08:20 - [MESSAGE][PASSED] - Get CSS 'font-size' value on 'Object Repository/Page_QRWeb/a_Log in' successfully: '13px'.

26-05-2024T14:08:20 - [TEST_STEP][PASSED] - assert fontSizeRem == "13px": null

26-05-2024T14:08:20 - [TEST_STEP][PASSED] - paddingVertical = getCSSValue(buttonElement, "padding-top"): Get CSS 'padding-top' value on 'Object Repository/Page_QRWeb/a_Log in' successfully: '5px'.

26-05-2024T14:08:20 - [MESSAGE][PASSED] - Get CSS 'padding-top' value on 'Object Repository/Page_QRWeb/a_Log in' successfully: '5px'.

26-05-2024T14:08:20 - [TEST_STEP][PASSED] - paddingHorizontal = getCSSValue(buttonElement, "padding-right"): Get CSS 'padding-right' value on 'Object Repository/Page_QRWeb/a_Log in' successfully: '16px'.

26-05-2024T14:08:20 - [MESSAGE][PASSED] - Get CSS 'padding-right' value on 'Object Repository/Page_QRWeb/a_Log in' successfully: '16px'.

26-05-2024T14:08:20 - [TEST_STEP][PASSED] - assert paddingVertical == "5px" && paddingHorizontal == "16px": null

26-05-2024T14:08:20 - [TEST_STEP][PASSED] - boxShadow = getCSSValue(buttonElement, "box-shadow"): Get CSS 'box-shadow' value on 'Object Repository/Page_QRWeb/a_Log in' successfully: 'rgba(0, 0, 0, 0.15) 2px 3px 15px 0px'.

26-05-2024T14:08:21 - [MESSAGE][PASSED] - Get CSS 'box-shadow' value on 'Object Repository/Page_QRWeb/a_Log in' successfully: 'rgba(0, 0, 0, 0.15) 2px 3px 15px 0px'.

26-05-2024T14:08:21 - [TEST_STEP][PASSED] - assert boxShadow == "rgba(0, 0, 0, 0.15) 2px 3px 15px 0px": null

26-05-2024T14:08:21 - [TEST_STEP][PASSED] - statusIndicatorHeight = getCSSValue(buttonElement, "height"): Get CSS 'height' value on 'Object Repository/Page_QRWeb/a_Log in' successfully: '32.7px'.

26-05-2024T14:08:21 - [MESSAGE][PASSED] - Get CSS 'height' value on 'Object Repository/Page_QRWeb/a_Log in' successfully: '32.7px'.

26-05-2024T14:08:21 - [TEST_STEP][PASSED] - statusIndicatorWidth = getCSSValue(buttonElement, "width"): Get CSS 'width' value on 'Object Repository/Page_QRWeb/a_Log in' successfully: '73.5875px'.

26-05-2024T14:08:21 - [MESSAGE][PASSED] - Get CSS 'width' value on 'Object Repository/Page_QRWeb/a_Log in' successfully: '73.5875px'.

26-05-2024T14:08:21 - [TEST_STEP][PASSED] - assert statusIndicatorHeight == "32.7px" && statusIndicatorWidth == "73.5875px": null

26-05-2024T14:08:21 - [TEST_STEP][PASSED] - statusIconBorderRadius = getCSSValue(buttonElement, "border-radius"): Get CSS 'border-radius' value on 'Object Repository/Page_QRWeb/a_Log in' successfully: '100px'.

26-05-2024T14:08:21 - [MESSAGE][PASSED] - Get CSS 'border-radius' value on 'Object Repository/Page_QRWeb/a_Log in' successfully: '100px'.

26-05-2024T14:08:21 - [TEST_STEP][PASSED] - statusIconFontSize = getCSSValue(buttonElement, "font-size"): Get CSS 'font-size' value on 'Object Repository/Page_QRWeb/a_Log in' successfully: '13px'.

26-05-2024T14:08:22 - [MESSAGE][PASSED] - Get CSS 'font-size' value on 'Object Repository/Page_QRWeb/a_Log in' successfully: '13px'.

26-05-2024T14:08:22 - [TEST_STEP][PASSED] - statusIconPaddingVertical = getCSSValue(buttonElement, "padding-top"): Get CSS 'padding-top' value on 'Object Repository/Page_QRWeb/a_Log in' successfully: '5px'.

26-05-2024T14:08:22 - [MESSAGE][PASSED] - Get CSS 'padding-top' value on 'Object Repository/Page_QRWeb/a_Log in' successfully: '5px'.

26-05-2024T14:08:22 - [TEST_STEP][PASSED] - statusIconPaddingHorizontal = getCSSValue(buttonElement, "padding-right"): Get CSS 'padding-right' value on 'Object Repository/Page_QRWeb/a_Log in' successfully: '16px'.

26-05-2024T14:08:22 - [MESSAGE][PASSED] - Get CSS 'padding-right' value on 'Object Repository/Page_QRWeb/a_Log in' successfully: '16px'.

26-05-2024T14:08:22 - [TEST_STEP][PASSED] - assert statusIconBorderRadius == "100px" && statusIconFontSize == "13px" && statusIconPaddingVertical == "5px" && statusIconPaddingHorizontal == "16px": null

26-05-2024T14:08:22 - [TEST_STEP][PASSED] - backgroundColor = getCSSValue(buttonElement, "background-color"): Get CSS 'background-color' value on 'Object Repository/Page_QRWeb/a_Log in' successfully: 'rgba(56, 131, 200, 1)'.

26-05-2024T14:08:23 - [MESSAGE][PASSED] - Get CSS 'background-color' value on 'Object Repository/Page_QRWeb/a_Log in' successfully: 'rgba(56, 131, 200, 1)'.

26-05-2024T14:08:23 - [TEST_STEP][PASSED] - borderColor = getCSSValue(buttonElement, "border-color"): Get CSS 'border-color' value on 'Object Repository/Page_QRWeb/a_Log in' successfully: 'rgb(56, 131, 200)'.

26-05-2024T14:08:23 - [MESSAGE][PASSED] - Get CSS 'border-color' value on 'Object Repository/Page_QRWeb/a_Log in' successfully: 'rgb(56, 131, 200)'.

26-05-2024T14:08:23 - [TEST_STEP][PASSED] - textColor = getCSSValue(buttonElement, "color"): Get CSS 'color' value on 'Object Repository/Page_QRWeb/a_Log in' successfully: 'rgba(255, 255, 255, 1)'.

26-05-2024T14:08:23 - [MESSAGE][PASSED] - Get CSS 'color' value on 'Object Repository/Page_QRWeb/a_Log in' successfully: 'rgba(255, 255, 255, 1)'.

26-05-2024T14:08:23 - [TEST_STEP][PASSED] - assert backgroundColor == "rgba(56, 131, 200, 1)" && borderColor == "rgb(56, 131, 200)" && textColor == "rgba(255, 255, 255, 1)": null]]></system-out>
         <system-err><![CDATA[]]></system-err>
      </testcase>
      <testcase name="Test Cases/non-functional/list" time="5.211" classname="Test Cases/non-functional/list" status="PASSED">
         <system-out><![CDATA[26-05-2024T14:08:23 - [TEST_CASE][PASSED] - Test Cases/non-functional/list: Test Cases/non-functional/list

26-05-2024T14:08:23 - [TEST_STEP][PASSED] - openBrowser(""): Browser is opened with url: ''

26-05-2024T14:08:23 - [MESSAGE][WARNING] - A browser is already opened. Closing browser and opening a new one

26-05-2024T14:08:24 - [MESSAGE][INFO] - Starting 'Chrome' driver

26-05-2024T14:08:24 - [MESSAGE][INFO] - Action delay is set to 0 milliseconds

26-05-2024T14:08:24 - [MESSAGE][PASSED] - Browser is opened with url: ''

26-05-2024T14:08:24 - [TEST_STEP][PASSED] - maximizeWindow(): Current window maximized

26-05-2024T14:08:24 - [MESSAGE][PASSED] - Current window maximized

26-05-2024T14:08:24 - [TEST_STEP][PASSED] - navigateToUrl("https://qr-web-h1fi.onrender.com/"): Navigate to 'https://qr-web-h1fi.onrender.com/' successfully

26-05-2024T14:08:27 - [MESSAGE][PASSED] - Navigate to 'https://qr-web-h1fi.onrender.com/' successfully

26-05-2024T14:08:27 - [TEST_STEP][PASSED] - paragraphElement = findTestObject("Object Repository/Page_QRWeb/p_Experience effortless website creation wi_b8022a"): null

26-05-2024T14:08:27 - [TEST_STEP][PASSED] - lineHeight = getCSSValue(paragraphElement, "line-height"): Get CSS 'line-height' value on 'Object Repository/Page_QRWeb/p_Experience effortless website creation wi_b8022a' successfully: '27px'.

26-05-2024T14:08:27 - [MESSAGE][PASSED] - Get CSS 'line-height' value on 'Object Repository/Page_QRWeb/p_Experience effortless website creation wi_b8022a' successfully: '27px'.

26-05-2024T14:08:27 - [TEST_STEP][PASSED] - assert lineHeight == "27px": null

26-05-2024T14:08:27 - [TEST_STEP][PASSED] - borderBottom = getCSSValue(paragraphElement, "border-bottom"): Get CSS 'border-bottom' value on 'Object Repository/Page_QRWeb/p_Experience effortless website creation wi_b8022a' successfully: '0px none rgba(0, 0, 0, 0.5)'.

26-05-2024T14:08:28 - [MESSAGE][PASSED] - Get CSS 'border-bottom' value on 'Object Repository/Page_QRWeb/p_Experience effortless website creation wi_b8022a' successfully: '0px none rgba(0, 0, 0, 0.5)'.

26-05-2024T14:08:28 - [TEST_STEP][PASSED] - assert borderBottom == "0px none rgba(0, 0, 0, 0.5)": null

26-05-2024T14:08:28 - [TEST_STEP][PASSED] - paddingTop = getCSSValue(paragraphElement, "padding-top"): Get CSS 'padding-top' value on 'Object Repository/Page_QRWeb/p_Experience effortless website creation wi_b8022a' successfully: '0px'.

26-05-2024T14:08:28 - [MESSAGE][PASSED] - Get CSS 'padding-top' value on 'Object Repository/Page_QRWeb/p_Experience effortless website creation wi_b8022a' successfully: '0px'.

26-05-2024T14:08:28 - [TEST_STEP][PASSED] - paddingBottom = getCSSValue(paragraphElement, "padding-bottom"): Get CSS 'padding-bottom' value on 'Object Repository/Page_QRWeb/p_Experience effortless website creation wi_b8022a' successfully: '0px'.

26-05-2024T14:08:28 - [MESSAGE][PASSED] - Get CSS 'padding-bottom' value on 'Object Repository/Page_QRWeb/p_Experience effortless website creation wi_b8022a' successfully: '0px'.

26-05-2024T14:08:28 - [TEST_STEP][PASSED] - assert paddingTop == paddingBottom: null]]></system-out>
         <system-err><![CDATA[]]></system-err>
      </testcase>
      <testcase name="Test Cases/non-functional/navbar" time="5.437" classname="Test Cases/non-functional/navbar" status="PASSED">
         <system-out><![CDATA[26-05-2024T14:08:28 - [TEST_CASE][PASSED] - Test Cases/non-functional/navbar: Test Cases/non-functional/navbar

26-05-2024T14:08:28 - [TEST_STEP][PASSED] - openBrowser(""): Browser is opened with url: ''

26-05-2024T14:08:28 - [MESSAGE][WARNING] - A browser is already opened. Closing browser and opening a new one

26-05-2024T14:08:29 - [MESSAGE][INFO] - Starting 'Chrome' driver

26-05-2024T14:08:29 - [MESSAGE][INFO] - Action delay is set to 0 milliseconds

26-05-2024T14:08:30 - [MESSAGE][PASSED] - Browser is opened with url: ''

26-05-2024T14:08:30 - [TEST_STEP][PASSED] - maximizeWindow(): Current window maximized

26-05-2024T14:08:30 - [MESSAGE][PASSED] - Current window maximized

26-05-2024T14:08:30 - [TEST_STEP][PASSED] - navigateToUrl("https://qr-web-h1fi.onrender.com/"): Navigate to 'https://qr-web-h1fi.onrender.com/' successfully

26-05-2024T14:08:31 - [MESSAGE][PASSED] - Navigate to 'https://qr-web-h1fi.onrender.com/' successfully

26-05-2024T14:08:31 - [TEST_STEP][PASSED] - navbarElement = findTestObject("Object Repository/Page_QRWeb/a_About"): null

26-05-2024T14:08:31 - [TEST_STEP][PASSED] - fontSize = getCSSValue(navbarElement, "font-size"): Get CSS 'font-size' value on 'Object Repository/Page_QRWeb/a_About' successfully: '14px'.

26-05-2024T14:08:33 - [MESSAGE][PASSED] - Get CSS 'font-size' value on 'Object Repository/Page_QRWeb/a_About' successfully: '14px'.

26-05-2024T14:08:33 - [TEST_STEP][PASSED] - fontWeight = getCSSValue(navbarElement, "font-weight"): Get CSS 'font-weight' value on 'Object Repository/Page_QRWeb/a_About' successfully: '500'.

26-05-2024T14:08:33 - [MESSAGE][PASSED] - Get CSS 'font-weight' value on 'Object Repository/Page_QRWeb/a_About' successfully: '500'.

26-05-2024T14:08:33 - [TEST_STEP][PASSED] - assert fontSize == "14px" && fontWeight == "500": null

26-05-2024T14:08:33 - [TEST_STEP][PASSED] - paddingTop = getCSSValue(navbarElement, "padding-top"): Get CSS 'padding-top' value on 'Object Repository/Page_QRWeb/a_About' successfully: '5px'.

26-05-2024T14:08:33 - [MESSAGE][PASSED] - Get CSS 'padding-top' value on 'Object Repository/Page_QRWeb/a_About' successfully: '5px'.

26-05-2024T14:08:33 - [TEST_STEP][PASSED] - paddingBottom = getCSSValue(navbarElement, "padding-bottom"): Get CSS 'padding-bottom' value on 'Object Repository/Page_QRWeb/a_About' successfully: '5px'.

26-05-2024T14:08:33 - [MESSAGE][PASSED] - Get CSS 'padding-bottom' value on 'Object Repository/Page_QRWeb/a_About' successfully: '5px'.

26-05-2024T14:08:33 - [TEST_STEP][PASSED] - assert paddingTop == "5px": null

26-05-2024T14:08:33 - [TEST_STEP][PASSED] - assert paddingBottom == "5px": null

26-05-2024T14:08:33 - [TEST_STEP][PASSED] - transition = getCSSValue(navbarElement, "transition"): Get CSS 'transition' value on 'Object Repository/Page_QRWeb/a_About' successfully: 'all 0.3s ease 0s'.

26-05-2024T14:08:34 - [MESSAGE][PASSED] - Get CSS 'transition' value on 'Object Repository/Page_QRWeb/a_About' successfully: 'all 0.3s ease 0s'.

26-05-2024T14:08:34 - [TEST_STEP][PASSED] - assert transition == "all 0.3s ease 0s": null]]></system-out>
         <system-err><![CDATA[]]></system-err>
      </testcase>
      <testcase name="Test Cases/non-functional/text_body" time="5.14" classname="Test Cases/non-functional/text_body" status="PASSED">
         <system-out><![CDATA[26-05-2024T14:08:34 - [TEST_CASE][PASSED] - Test Cases/non-functional/text_body: Test Cases/non-functional/text_body

26-05-2024T14:08:34 - [TEST_STEP][PASSED] - openBrowser(""): Browser is opened with url: ''

26-05-2024T14:08:34 - [MESSAGE][WARNING] - A browser is already opened. Closing browser and opening a new one

26-05-2024T14:08:34 - [MESSAGE][INFO] - Starting 'Chrome' driver

26-05-2024T14:08:34 - [MESSAGE][INFO] - Action delay is set to 0 milliseconds

26-05-2024T14:08:35 - [MESSAGE][PASSED] - Browser is opened with url: ''

26-05-2024T14:08:35 - [TEST_STEP][PASSED] - maximizeWindow(): Current window maximized

26-05-2024T14:08:35 - [MESSAGE][PASSED] - Current window maximized

26-05-2024T14:08:35 - [TEST_STEP][PASSED] - navigateToUrl("https://qr-web-h1fi.onrender.com/"): Navigate to 'https://qr-web-h1fi.onrender.com/' successfully

26-05-2024T14:08:38 - [MESSAGE][PASSED] - Navigate to 'https://qr-web-h1fi.onrender.com/' successfully

26-05-2024T14:08:38 - [TEST_STEP][PASSED] - bodyElement = findTestObject("Object Repository/Page_QRWeb/p_QRWeb offers a hassle-free solution for w_42d83d"): null

26-05-2024T14:08:38 - [TEST_STEP][PASSED] - getCSSValue(bodyElement, "color"): Get CSS 'color' value on 'Object Repository/Page_QRWeb/p_QRWeb offers a hassle-free solution for w_42d83d' successfully: 'rgba(0, 0, 0, 0.5)'.

26-05-2024T14:08:38 - [MESSAGE][PASSED] - Get CSS 'color' value on 'Object Repository/Page_QRWeb/p_QRWeb offers a hassle-free solution for w_42d83d' successfully: 'rgba(0, 0, 0, 0.5)'.

26-05-2024T14:08:38 - [TEST_STEP][PASSED] - fontFamily = getCSSValue(bodyElement, "font-family"): Get CSS 'font-family' value on 'Object Repository/Page_QRWeb/p_QRWeb offers a hassle-free solution for w_42d83d' successfully: 'Poppins, sans-serif'.

26-05-2024T14:08:38 - [MESSAGE][PASSED] - Get CSS 'font-family' value on 'Object Repository/Page_QRWeb/p_QRWeb offers a hassle-free solution for w_42d83d' successfully: 'Poppins, sans-serif'.

26-05-2024T14:08:38 - [TEST_STEP][PASSED] - assert fontFamily.contains("Poppins") || fontFamily.contains("sans-serif"): null

26-05-2024T14:08:38 - [TEST_STEP][PASSED] - fontWeight = getCSSValue(bodyElement, "font-weight"): Get CSS 'font-weight' value on 'Object Repository/Page_QRWeb/p_QRWeb offers a hassle-free solution for w_42d83d' successfully: '400'.

26-05-2024T14:08:39 - [MESSAGE][PASSED] - Get CSS 'font-weight' value on 'Object Repository/Page_QRWeb/p_QRWeb offers a hassle-free solution for w_42d83d' successfully: '400'.

26-05-2024T14:08:39 - [TEST_STEP][PASSED] - assert fontWeight == "400": null

26-05-2024T14:08:39 - [TEST_STEP][PASSED] - expectedFontSizeRem = 15 / 16: null

26-05-2024T14:08:39 - [TEST_STEP][PASSED] - fontSize = getCSSValue(bodyElement, "font-size"): Get CSS 'font-size' value on 'Object Repository/Page_QRWeb/p_QRWeb offers a hassle-free solution for w_42d83d' successfully: '15px'.

26-05-2024T14:08:39 - [MESSAGE][PASSED] - Get CSS 'font-size' value on 'Object Repository/Page_QRWeb/p_QRWeb offers a hassle-free solution for w_42d83d' successfully: '15px'.

26-05-2024T14:08:39 - [TEST_STEP][PASSED] - actualFontSizeRem = replace("px", "").toBigDecimal() / 16: null

26-05-2024T14:08:39 - [TEST_STEP][PASSED] - assert actualFontSizeRem == expectedFontSizeRem: null]]></system-out>
         <system-err><![CDATA[]]></system-err>
      </testcase>
      <system-out><![CDATA[26-05-2024T14:08:05 - [TEST_SUITE][PASSED] - Non_functional_Test: Test Cases/non-functional/text_body]]></system-out>
      <system-err><![CDATA[]]></system-err>
   </testsuite>
</testsuites>
