<?xml version="1.0" encoding="UTF-8"?>
<testsuites name="Non_functional_Test" time="34.544" tests="5" failures="0" errors="0">
   <testsuite name="Non_functional_Test" tests="5" failures="0" errors="0" time="34.544" skipped="0" timestamp="20-05-2024T13:42:41" hostname="Anna - DESKTOP-3UT53HP" id="Test Suites/Non_functional_Test">
      <properties>
         <property name="deviceName" value=""/>
         <property name="devicePlatform" value=""/>
         <property name="logFolder" value="C:\\Users\\Anna\\git\\QrWeb\\Reports\\20240520_134236\\Non_functional_Test\\20240520_134236"/>
         <property name="logFiles" value="C:\\Users\\Anna\\git\\QrWeb\\Reports\\20240520_134236\\Non_functional_Test\\20240520_134236\\execution0.log"/>
         <property name="attachments" value=""/>
         <property name="hostName" value="Anna - DESKTOP-3UT53HP"/>
         <property name="os" value="Windows 10 64bit"/>
         <property name="katalonVersion" value="9.4.0.212"/>
         <property name="browser" value="Chrome 124.0.0.0"/>
         <property name="hostAddress" value="192.168.8.116"/>
         <property name="sessionId" value="541d3fd4155ff8b849d0047ec8b8d85b"/>
         <property name="seleniumVersion" value="3.141.59"/>
         <property name="proxyInformation" value="ProxyInformation { proxyOption=NO_PROXY, proxyServerType=HTTP, username=, password=********, proxyServerAddress=, proxyServerPort=0, executionList=&quot;&quot;, isApplyToDesiredCapabilities=true }"/>
         <property name="platform" value="Windows 10"/>
      </properties>
      <testcase name="Test Cases/non-functional/animation" time="9.514" classname="Test Cases/non-functional/animation" status="PASSED">
         <system-out><![CDATA[20-05-2024T13:42:41 - [TEST_CASE][PASSED] - Test Cases/non-functional/animation: Test Cases/non-functional/animation

20-05-2024T13:42:41 - [TEST_STEP][PASSED] - openBrowser(""): Browser is opened with url: ''

20-05-2024T13:42:42 - [MESSAGE][INFO] - Starting 'Chrome' driver

20-05-2024T13:42:42 - [MESSAGE][INFO] - Action delay is set to 0 milliseconds

20-05-2024T13:42:43 - [MESSAGE][PASSED] - Browser is opened with url: ''

20-05-2024T13:42:43 - [TEST_STEP][PASSED] - navigateToUrl("https://qr-web-h1fi.onrender.com/"): Navigate to 'https://qr-web-h1fi.onrender.com/' successfully

20-05-2024T13:42:46 - [MESSAGE][PASSED] - Navigate to 'https://qr-web-h1fi.onrender.com/' successfully

20-05-2024T13:42:46 - [TEST_STEP][PASSED] - animatedElement = findTestObject("Object Repository/Page_QRWeb/div_Anna                                   _6c39b4"): null

20-05-2024T13:42:46 - [TEST_STEP][PASSED] - opacity = getCSSValue(animatedElement, "opacity"): Get CSS 'opacity' value on 'Object Repository/Page_QRWeb/div_Anna                                   _6c39b4' successfully: '1'.

20-05-2024T13:42:47 - [MESSAGE][PASSED] - Get CSS 'opacity' value on 'Object Repository/Page_QRWeb/div_Anna                                   _6c39b4' successfully: '1'.

20-05-2024T13:42:47 - [TEST_STEP][PASSED] - assert opacity == "1": null

20-05-2024T13:42:47 - [TEST_STEP][PASSED] - animationFillMode = getCSSValue(animatedElement, "animation-fill-mode"): Get CSS 'animation-fill-mode' value on 'Object Repository/Page_QRWeb/div_Anna                                   _6c39b4' successfully: 'none'.

20-05-2024T13:42:49 - [MESSAGE][PASSED] - Get CSS 'animation-fill-mode' value on 'Object Repository/Page_QRWeb/div_Anna                                   _6c39b4' successfully: 'none'.

20-05-2024T13:42:49 - [TEST_STEP][PASSED] - assert animationFillMode == "none": null

20-05-2024T13:42:49 - [TEST_STEP][PASSED] - animationDuration = getCSSValue(animatedElement, "animation-duration"): Get CSS 'animation-duration' value on 'Object Repository/Page_QRWeb/div_Anna                                   _6c39b4' successfully: '0s'.

20-05-2024T13:42:51 - [MESSAGE][PASSED] - Get CSS 'animation-duration' value on 'Object Repository/Page_QRWeb/div_Anna                                   _6c39b4' successfully: '0s'.

20-05-2024T13:42:51 - [TEST_STEP][PASSED] - assert animationDuration == "0s": null]]></system-out>
         <system-err><![CDATA[]]></system-err>
      </testcase>
      <testcase name="Test Cases/non-functional/button_login" time="9.67" classname="Test Cases/non-functional/button_login" status="PASSED">
         <system-out><![CDATA[20-05-2024T13:42:51 - [TEST_CASE][PASSED] - Test Cases/non-functional/button_login: Test Cases/non-functional/button_login

20-05-2024T13:42:51 - [TEST_STEP][PASSED] - openBrowser(""): Browser is opened with url: ''

20-05-2024T13:42:51 - [MESSAGE][WARNING] - A browser is already opened. Closing browser and opening a new one

20-05-2024T13:42:51 - [MESSAGE][INFO] - Starting 'Chrome' driver

20-05-2024T13:42:51 - [MESSAGE][INFO] - Action delay is set to 0 milliseconds

20-05-2024T13:42:52 - [MESSAGE][PASSED] - Browser is opened with url: ''

20-05-2024T13:42:52 - [TEST_STEP][PASSED] - maximizeWindow(): Current window maximized

20-05-2024T13:42:52 - [MESSAGE][PASSED] - Current window maximized

20-05-2024T13:42:52 - [TEST_STEP][PASSED] - navigateToUrl("https://qr-web-h1fi.onrender.com/"): Navigate to 'https://qr-web-h1fi.onrender.com/' successfully

20-05-2024T13:42:54 - [MESSAGE][PASSED] - Navigate to 'https://qr-web-h1fi.onrender.com/' successfully

20-05-2024T13:42:54 - [TEST_STEP][PASSED] - getCSSValue(findTestObject("Object Repository/Page_QRWeb/a_Log in"), "color"): Get CSS 'color' value on 'Object Repository/Page_QRWeb/a_Log in' successfully: 'rgba(255, 255, 255, 1)'.

20-05-2024T13:42:55 - [MESSAGE][PASSED] - Get CSS 'color' value on 'Object Repository/Page_QRWeb/a_Log in' successfully: 'rgba(255, 255, 255, 1)'.

20-05-2024T13:42:55 - [TEST_STEP][PASSED] - getCSSValue(findTestObject("Object Repository/Page_QRWeb/a_Log in"), "font-family"): Get CSS 'font-family' value on 'Object Repository/Page_QRWeb/a_Log in' successfully: 'Poppins, sans-serif'.

20-05-2024T13:42:55 - [MESSAGE][PASSED] - Get CSS 'font-family' value on 'Object Repository/Page_QRWeb/a_Log in' successfully: 'Poppins, sans-serif'.

20-05-2024T13:42:55 - [TEST_STEP][PASSED] - getCSSValue(findTestObject("Object Repository/Page_QRWeb/a_Log in"), "background-color"): Get CSS 'background-color' value on 'Object Repository/Page_QRWeb/a_Log in' successfully: 'rgba(56, 131, 200, 1)'.

20-05-2024T13:42:55 - [MESSAGE][PASSED] - Get CSS 'background-color' value on 'Object Repository/Page_QRWeb/a_Log in' successfully: 'rgba(56, 131, 200, 1)'.

20-05-2024T13:42:55 - [TEST_STEP][PASSED] - height = getElementHeight(findTestObject("Object Repository/Page_QRWeb/a_Log in")): Height of element 'Object Repository/Page_QRWeb/a_Log in' is '33'.

20-05-2024T13:42:56 - [MESSAGE][PASSED] - Height of element 'Object Repository/Page_QRWeb/a_Log in' is '33'.

20-05-2024T13:42:56 - [TEST_STEP][PASSED] - width = getElementWidth(findTestObject("Object Repository/Page_QRWeb/a_Log in")): Width of element 'Object Repository/Page_QRWeb/a_Log in' is '74'

20-05-2024T13:42:56 - [MESSAGE][PASSED] - Width of element 'Object Repository/Page_QRWeb/a_Log in' is '74'

20-05-2024T13:42:56 - [TEST_STEP][PASSED] - getCSSValue(findTestObject("Object Repository/Page_QRWeb/a_Log in"), "color"): Get CSS 'color' value on 'Object Repository/Page_QRWeb/a_Log in' successfully: 'rgba(255, 255, 255, 1)'.

20-05-2024T13:42:56 - [MESSAGE][PASSED] - Get CSS 'color' value on 'Object Repository/Page_QRWeb/a_Log in' successfully: 'rgba(255, 255, 255, 1)'.

20-05-2024T13:42:56 - [TEST_STEP][PASSED] - buttonElement = findTestObject("Object Repository/Page_QRWeb/a_Log in"): null

20-05-2024T13:42:56 - [TEST_STEP][PASSED] - borderRadius = getCSSValue(buttonElement, "border-radius"): Get CSS 'border-radius' value on 'Object Repository/Page_QRWeb/a_Log in' successfully: '100px'.

20-05-2024T13:42:57 - [MESSAGE][PASSED] - Get CSS 'border-radius' value on 'Object Repository/Page_QRWeb/a_Log in' successfully: '100px'.

20-05-2024T13:42:57 - [TEST_STEP][PASSED] - assert borderRadius == "100px": null

20-05-2024T13:42:57 - [TEST_STEP][PASSED] - fontWeight = getCSSValue(buttonElement, "font-weight"): Get CSS 'font-weight' value on 'Object Repository/Page_QRWeb/a_Log in' successfully: '600'.

20-05-2024T13:42:57 - [MESSAGE][PASSED] - Get CSS 'font-weight' value on 'Object Repository/Page_QRWeb/a_Log in' successfully: '600'.

20-05-2024T13:42:57 - [TEST_STEP][PASSED] - assert fontWeight == "600": null

20-05-2024T13:42:57 - [TEST_STEP][PASSED] - fontSizeRem = getCSSValue(buttonElement, "font-size"): Get CSS 'font-size' value on 'Object Repository/Page_QRWeb/a_Log in' successfully: '13px'.

20-05-2024T13:42:57 - [MESSAGE][PASSED] - Get CSS 'font-size' value on 'Object Repository/Page_QRWeb/a_Log in' successfully: '13px'.

20-05-2024T13:42:57 - [TEST_STEP][PASSED] - assert fontSizeRem == "13px": null

20-05-2024T13:42:57 - [TEST_STEP][PASSED] - paddingVertical = getCSSValue(buttonElement, "padding-top"): Get CSS 'padding-top' value on 'Object Repository/Page_QRWeb/a_Log in' successfully: '5px'.

20-05-2024T13:42:57 - [MESSAGE][PASSED] - Get CSS 'padding-top' value on 'Object Repository/Page_QRWeb/a_Log in' successfully: '5px'.

20-05-2024T13:42:57 - [TEST_STEP][PASSED] - paddingHorizontal = getCSSValue(buttonElement, "padding-right"): Get CSS 'padding-right' value on 'Object Repository/Page_QRWeb/a_Log in' successfully: '16px'.

20-05-2024T13:42:58 - [MESSAGE][PASSED] - Get CSS 'padding-right' value on 'Object Repository/Page_QRWeb/a_Log in' successfully: '16px'.

20-05-2024T13:42:58 - [TEST_STEP][PASSED] - assert paddingVertical == "5px" && paddingHorizontal == "16px": null

20-05-2024T13:42:58 - [TEST_STEP][PASSED] - boxShadow = getCSSValue(buttonElement, "box-shadow"): Get CSS 'box-shadow' value on 'Object Repository/Page_QRWeb/a_Log in' successfully: 'rgba(0, 0, 0, 0.15) 2px 3px 15px 0px'.

20-05-2024T13:42:58 - [MESSAGE][PASSED] - Get CSS 'box-shadow' value on 'Object Repository/Page_QRWeb/a_Log in' successfully: 'rgba(0, 0, 0, 0.15) 2px 3px 15px 0px'.

20-05-2024T13:42:58 - [TEST_STEP][PASSED] - assert boxShadow == "rgba(0, 0, 0, 0.15) 2px 3px 15px 0px": null

20-05-2024T13:42:58 - [TEST_STEP][PASSED] - statusIndicatorHeight = getCSSValue(buttonElement, "height"): Get CSS 'height' value on 'Object Repository/Page_QRWeb/a_Log in' successfully: '32.7px'.

20-05-2024T13:42:58 - [MESSAGE][PASSED] - Get CSS 'height' value on 'Object Repository/Page_QRWeb/a_Log in' successfully: '32.7px'.

20-05-2024T13:42:58 - [TEST_STEP][PASSED] - statusIndicatorWidth = getCSSValue(buttonElement, "width"): Get CSS 'width' value on 'Object Repository/Page_QRWeb/a_Log in' successfully: '73.5875px'.

20-05-2024T13:42:59 - [MESSAGE][PASSED] - Get CSS 'width' value on 'Object Repository/Page_QRWeb/a_Log in' successfully: '73.5875px'.

20-05-2024T13:42:59 - [TEST_STEP][PASSED] - assert statusIndicatorHeight == "32.7px" && statusIndicatorWidth == "73.5875px": null

20-05-2024T13:42:59 - [TEST_STEP][PASSED] - statusIconBorderRadius = getCSSValue(buttonElement, "border-radius"): Get CSS 'border-radius' value on 'Object Repository/Page_QRWeb/a_Log in' successfully: '100px'.

20-05-2024T13:42:59 - [MESSAGE][PASSED] - Get CSS 'border-radius' value on 'Object Repository/Page_QRWeb/a_Log in' successfully: '100px'.

20-05-2024T13:42:59 - [TEST_STEP][PASSED] - statusIconFontSize = getCSSValue(buttonElement, "font-size"): Get CSS 'font-size' value on 'Object Repository/Page_QRWeb/a_Log in' successfully: '13px'.

20-05-2024T13:42:59 - [MESSAGE][PASSED] - Get CSS 'font-size' value on 'Object Repository/Page_QRWeb/a_Log in' successfully: '13px'.

20-05-2024T13:42:59 - [TEST_STEP][PASSED] - statusIconPaddingVertical = getCSSValue(buttonElement, "padding-top"): Get CSS 'padding-top' value on 'Object Repository/Page_QRWeb/a_Log in' successfully: '5px'.

20-05-2024T13:42:59 - [MESSAGE][PASSED] - Get CSS 'padding-top' value on 'Object Repository/Page_QRWeb/a_Log in' successfully: '5px'.

20-05-2024T13:42:59 - [TEST_STEP][PASSED] - statusIconPaddingHorizontal = getCSSValue(buttonElement, "padding-right"): Get CSS 'padding-right' value on 'Object Repository/Page_QRWeb/a_Log in' successfully: '16px'.

20-05-2024T13:43:00 - [MESSAGE][PASSED] - Get CSS 'padding-right' value on 'Object Repository/Page_QRWeb/a_Log in' successfully: '16px'.

20-05-2024T13:43:00 - [TEST_STEP][PASSED] - assert statusIconBorderRadius == "100px" && statusIconFontSize == "13px" && statusIconPaddingVertical == "5px" && statusIconPaddingHorizontal == "16px": null

20-05-2024T13:43:00 - [TEST_STEP][PASSED] - backgroundColor = getCSSValue(buttonElement, "background-color"): Get CSS 'background-color' value on 'Object Repository/Page_QRWeb/a_Log in' successfully: 'rgba(56, 131, 200, 1)'.

20-05-2024T13:43:00 - [MESSAGE][PASSED] - Get CSS 'background-color' value on 'Object Repository/Page_QRWeb/a_Log in' successfully: 'rgba(56, 131, 200, 1)'.

20-05-2024T13:43:00 - [TEST_STEP][PASSED] - borderColor = getCSSValue(buttonElement, "border-color"): Get CSS 'border-color' value on 'Object Repository/Page_QRWeb/a_Log in' successfully: 'rgb(56, 131, 200)'.

20-05-2024T13:43:00 - [MESSAGE][PASSED] - Get CSS 'border-color' value on 'Object Repository/Page_QRWeb/a_Log in' successfully: 'rgb(56, 131, 200)'.

20-05-2024T13:43:00 - [TEST_STEP][PASSED] - textColor = getCSSValue(buttonElement, "color"): Get CSS 'color' value on 'Object Repository/Page_QRWeb/a_Log in' successfully: 'rgba(255, 255, 255, 1)'.

20-05-2024T13:43:00 - [MESSAGE][PASSED] - Get CSS 'color' value on 'Object Repository/Page_QRWeb/a_Log in' successfully: 'rgba(255, 255, 255, 1)'.

20-05-2024T13:43:00 - [TEST_STEP][PASSED] - assert backgroundColor == "rgba(56, 131, 200, 1)" && borderColor == "rgb(56, 131, 200)" && textColor == "rgba(255, 255, 255, 1)": null]]></system-out>
         <system-err><![CDATA[]]></system-err>
      </testcase>
      <testcase name="Test Cases/non-functional/list" time="4.45" classname="Test Cases/non-functional/list" status="PASSED">
         <system-out><![CDATA[20-05-2024T13:43:00 - [TEST_CASE][PASSED] - Test Cases/non-functional/list: Test Cases/non-functional/list

20-05-2024T13:43:00 - [TEST_STEP][PASSED] - openBrowser(""): Browser is opened with url: ''

20-05-2024T13:43:00 - [MESSAGE][WARNING] - A browser is already opened. Closing browser and opening a new one

20-05-2024T13:43:01 - [MESSAGE][INFO] - Starting 'Chrome' driver

20-05-2024T13:43:01 - [MESSAGE][INFO] - Action delay is set to 0 milliseconds

20-05-2024T13:43:01 - [MESSAGE][PASSED] - Browser is opened with url: ''

20-05-2024T13:43:01 - [TEST_STEP][PASSED] - navigateToUrl("https://qr-web-h1fi.onrender.com/"): Navigate to 'https://qr-web-h1fi.onrender.com/' successfully

20-05-2024T13:43:04 - [MESSAGE][PASSED] - Navigate to 'https://qr-web-h1fi.onrender.com/' successfully

20-05-2024T13:43:04 - [TEST_STEP][PASSED] - paragraphElement = findTestObject("Object Repository/Page_QRWeb/p_Experience effortless website creation wi_b8022a"): null

20-05-2024T13:43:04 - [TEST_STEP][PASSED] - lineHeight = getCSSValue(paragraphElement, "line-height"): Get CSS 'line-height' value on 'Object Repository/Page_QRWeb/p_Experience effortless website creation wi_b8022a' successfully: '25.65px'.

20-05-2024T13:43:04 - [MESSAGE][PASSED] - Get CSS 'line-height' value on 'Object Repository/Page_QRWeb/p_Experience effortless website creation wi_b8022a' successfully: '25.65px'.

20-05-2024T13:43:04 - [TEST_STEP][PASSED] - assert lineHeight == "25.65px": null

20-05-2024T13:43:04 - [TEST_STEP][PASSED] - borderBottom = getCSSValue(paragraphElement, "border-bottom"): Get CSS 'border-bottom' value on 'Object Repository/Page_QRWeb/p_Experience effortless website creation wi_b8022a' successfully: '0px none rgba(0, 0, 0, 0.5)'.

20-05-2024T13:43:04 - [MESSAGE][PASSED] - Get CSS 'border-bottom' value on 'Object Repository/Page_QRWeb/p_Experience effortless website creation wi_b8022a' successfully: '0px none rgba(0, 0, 0, 0.5)'.

20-05-2024T13:43:04 - [TEST_STEP][PASSED] - assert borderBottom == "0px none rgba(0, 0, 0, 0.5)": null

20-05-2024T13:43:04 - [TEST_STEP][PASSED] - paddingTop = getCSSValue(paragraphElement, "padding-top"): Get CSS 'padding-top' value on 'Object Repository/Page_QRWeb/p_Experience effortless website creation wi_b8022a' successfully: '0px'.

20-05-2024T13:43:05 - [MESSAGE][PASSED] - Get CSS 'padding-top' value on 'Object Repository/Page_QRWeb/p_Experience effortless website creation wi_b8022a' successfully: '0px'.

20-05-2024T13:43:05 - [TEST_STEP][PASSED] - paddingBottom = getCSSValue(paragraphElement, "padding-bottom"): Get CSS 'padding-bottom' value on 'Object Repository/Page_QRWeb/p_Experience effortless website creation wi_b8022a' successfully: '0px'.

20-05-2024T13:43:05 - [MESSAGE][PASSED] - Get CSS 'padding-bottom' value on 'Object Repository/Page_QRWeb/p_Experience effortless website creation wi_b8022a' successfully: '0px'.

20-05-2024T13:43:05 - [TEST_STEP][PASSED] - assert paddingTop == paddingBottom: null]]></system-out>
         <system-err><![CDATA[]]></system-err>
      </testcase>
      <testcase name="Test Cases/non-functional/navbar" time="5.891" classname="Test Cases/non-functional/navbar" status="PASSED">
         <system-out><![CDATA[20-05-2024T13:43:05 - [TEST_CASE][PASSED] - Test Cases/non-functional/navbar: Test Cases/non-functional/navbar

20-05-2024T13:43:05 - [TEST_STEP][PASSED] - openBrowser(""): Browser is opened with url: ''

20-05-2024T13:43:05 - [MESSAGE][WARNING] - A browser is already opened. Closing browser and opening a new one

20-05-2024T13:43:05 - [MESSAGE][INFO] - Starting 'Chrome' driver

20-05-2024T13:43:05 - [MESSAGE][INFO] - Action delay is set to 0 milliseconds

20-05-2024T13:43:06 - [MESSAGE][PASSED] - Browser is opened with url: ''

20-05-2024T13:43:06 - [TEST_STEP][PASSED] - navigateToUrl("https://qr-web-h1fi.onrender.com/"): Navigate to 'https://qr-web-h1fi.onrender.com/' successfully

20-05-2024T13:43:09 - [MESSAGE][PASSED] - Navigate to 'https://qr-web-h1fi.onrender.com/' successfully

20-05-2024T13:43:09 - [TEST_STEP][PASSED] - navbarElement = findTestObject("Object Repository/Page_QRWeb/a_About"): null

20-05-2024T13:43:09 - [TEST_STEP][PASSED] - fontSize = getCSSValue(navbarElement, "font-size"): Get CSS 'font-size' value on 'Object Repository/Page_QRWeb/a_About' successfully: '13.3px'.

20-05-2024T13:43:10 - [MESSAGE][PASSED] - Get CSS 'font-size' value on 'Object Repository/Page_QRWeb/a_About' successfully: '13.3px'.

20-05-2024T13:43:10 - [TEST_STEP][PASSED] - fontWeight = getCSSValue(navbarElement, "font-weight"): Get CSS 'font-weight' value on 'Object Repository/Page_QRWeb/a_About' successfully: '500'.

20-05-2024T13:43:10 - [MESSAGE][PASSED] - Get CSS 'font-weight' value on 'Object Repository/Page_QRWeb/a_About' successfully: '500'.

20-05-2024T13:43:10 - [TEST_STEP][PASSED] - assert fontSize == "13.3px" && fontWeight == "500": null

20-05-2024T13:43:10 - [TEST_STEP][PASSED] - paddingTop = getCSSValue(navbarElement, "padding-top"): Get CSS 'padding-top' value on 'Object Repository/Page_QRWeb/a_About' successfully: '4.75px'.

20-05-2024T13:43:10 - [MESSAGE][PASSED] - Get CSS 'padding-top' value on 'Object Repository/Page_QRWeb/a_About' successfully: '4.75px'.

20-05-2024T13:43:10 - [TEST_STEP][PASSED] - paddingBottom = getCSSValue(navbarElement, "padding-bottom"): Get CSS 'padding-bottom' value on 'Object Repository/Page_QRWeb/a_About' successfully: '4.75px'.

20-05-2024T13:43:10 - [MESSAGE][PASSED] - Get CSS 'padding-bottom' value on 'Object Repository/Page_QRWeb/a_About' successfully: '4.75px'.

20-05-2024T13:43:10 - [TEST_STEP][PASSED] - assert paddingTop == "4.75px": null

20-05-2024T13:43:10 - [TEST_STEP][PASSED] - assert paddingBottom == "4.75px": null

20-05-2024T13:43:10 - [TEST_STEP][PASSED] - transition = getCSSValue(navbarElement, "transition"): Get CSS 'transition' value on 'Object Repository/Page_QRWeb/a_About' successfully: 'all 0.3s ease 0s'.

20-05-2024T13:43:11 - [MESSAGE][PASSED] - Get CSS 'transition' value on 'Object Repository/Page_QRWeb/a_About' successfully: 'all 0.3s ease 0s'.

20-05-2024T13:43:11 - [TEST_STEP][PASSED] - assert transition == "all 0.3s ease 0s": null]]></system-out>
         <system-err><![CDATA[]]></system-err>
      </testcase>
      <testcase name="Test Cases/non-functional/text_body" time="4.828" classname="Test Cases/non-functional/text_body" status="PASSED">
         <system-out><![CDATA[20-05-2024T13:43:11 - [TEST_CASE][PASSED] - Test Cases/non-functional/text_body: Test Cases/non-functional/text_body

20-05-2024T13:43:11 - [TEST_STEP][PASSED] - openBrowser(""): Browser is opened with url: ''

20-05-2024T13:43:11 - [MESSAGE][WARNING] - A browser is already opened. Closing browser and opening a new one

20-05-2024T13:43:11 - [MESSAGE][INFO] - Starting 'Chrome' driver

20-05-2024T13:43:11 - [MESSAGE][INFO] - Action delay is set to 0 milliseconds

20-05-2024T13:43:12 - [MESSAGE][PASSED] - Browser is opened with url: ''

20-05-2024T13:43:12 - [TEST_STEP][PASSED] - navigateToUrl("https://qr-web-h1fi.onrender.com/"): Navigate to 'https://qr-web-h1fi.onrender.com/' successfully

20-05-2024T13:43:14 - [MESSAGE][PASSED] - Navigate to 'https://qr-web-h1fi.onrender.com/' successfully

20-05-2024T13:43:14 - [TEST_STEP][PASSED] - bodyElement = findTestObject("Object Repository/Page_QRWeb/p_QRWeb offers a hassle-free solution for w_42d83d"): null

20-05-2024T13:43:14 - [TEST_STEP][PASSED] - getCSSValue(bodyElement, "color"): Get CSS 'color' value on 'Object Repository/Page_QRWeb/p_QRWeb offers a hassle-free solution for w_42d83d' successfully: 'rgba(0, 0, 0, 0.5)'.

20-05-2024T13:43:15 - [MESSAGE][PASSED] - Get CSS 'color' value on 'Object Repository/Page_QRWeb/p_QRWeb offers a hassle-free solution for w_42d83d' successfully: 'rgba(0, 0, 0, 0.5)'.

20-05-2024T13:43:15 - [TEST_STEP][PASSED] - fontFamily = getCSSValue(bodyElement, "font-family"): Get CSS 'font-family' value on 'Object Repository/Page_QRWeb/p_QRWeb offers a hassle-free solution for w_42d83d' successfully: 'Poppins, sans-serif'.

20-05-2024T13:43:15 - [MESSAGE][PASSED] - Get CSS 'font-family' value on 'Object Repository/Page_QRWeb/p_QRWeb offers a hassle-free solution for w_42d83d' successfully: 'Poppins, sans-serif'.

20-05-2024T13:43:15 - [TEST_STEP][PASSED] - assert fontFamily.contains("Poppins") || fontFamily.contains("sans-serif"): null

20-05-2024T13:43:15 - [TEST_STEP][PASSED] - fontWeight = getCSSValue(bodyElement, "font-weight"): Get CSS 'font-weight' value on 'Object Repository/Page_QRWeb/p_QRWeb offers a hassle-free solution for w_42d83d' successfully: '400'.

20-05-2024T13:43:15 - [MESSAGE][PASSED] - Get CSS 'font-weight' value on 'Object Repository/Page_QRWeb/p_QRWeb offers a hassle-free solution for w_42d83d' successfully: '400'.

20-05-2024T13:43:15 - [TEST_STEP][PASSED] - assert fontWeight == "400": null

20-05-2024T13:43:15 - [TEST_STEP][PASSED] - expectedFontSizeRem = 14.25 / 16: null

20-05-2024T13:43:15 - [TEST_STEP][PASSED] - fontSize = getCSSValue(bodyElement, "font-size"): Get CSS 'font-size' value on 'Object Repository/Page_QRWeb/p_QRWeb offers a hassle-free solution for w_42d83d' successfully: '14.25px'.

20-05-2024T13:43:16 - [MESSAGE][PASSED] - Get CSS 'font-size' value on 'Object Repository/Page_QRWeb/p_QRWeb offers a hassle-free solution for w_42d83d' successfully: '14.25px'.

20-05-2024T13:43:16 - [TEST_STEP][PASSED] - actualFontSizeRem = replace("px", "").toBigDecimal() / 16: null

20-05-2024T13:43:16 - [TEST_STEP][PASSED] - assert actualFontSizeRem == expectedFontSizeRem: null]]></system-out>
         <system-err><![CDATA[]]></system-err>
      </testcase>
      <system-out><![CDATA[20-05-2024T13:42:41 - [TEST_SUITE][PASSED] - Non_functional_Test: Test Cases/non-functional/text_body]]></system-out>
      <system-err><![CDATA[]]></system-err>
   </testsuite>
</testsuites>
