<?xml version="1.0" encoding="UTF-8"?>
<testsuites name="MainPageTest" time="15.233" tests="1" failures="0" errors="0">
   <testsuite name="MainPageTest" tests="1" failures="0" errors="0" time="15.233" skipped="0" timestamp="24-05-2024T16:26:34" hostname="Anna - DESKTOP-3UT53HP" id="Test Suites/MainPageTest">
      <properties>
         <property name="deviceName" value=""/>
         <property name="devicePlatform" value=""/>
         <property name="logFolder" value="C:\\Users\\Anna\\git\\QrWeb\\Reports\\20240524_162629\\MainPageTest\\20240524_162629"/>
         <property name="logFiles" value="C:\\Users\\Anna\\git\\QrWeb\\Reports\\20240524_162629\\MainPageTest\\20240524_162629\\execution0.log"/>
         <property name="attachments" value=""/>
         <property name="hostName" value="Anna - DESKTOP-3UT53HP"/>
         <property name="os" value="Windows 10 64bit"/>
         <property name="katalonVersion" value="9.4.0.212"/>
         <property name="browser" value="Chrome 125.0.0.0"/>
         <property name="hostAddress" value="192.168.8.116"/>
         <property name="sessionId" value="e487b475a7065764ea875b21c6f3b016"/>
         <property name="seleniumVersion" value="3.141.59"/>
         <property name="proxyInformation" value="ProxyInformation { proxyOption=NO_PROXY, proxyServerType=HTTP, username=, password=********, proxyServerAddress=, proxyServerPort=0, executionList=&quot;&quot;, isApplyToDesiredCapabilities=true }"/>
         <property name="platform" value="Windows 10"/>
      </properties>
      <testcase name="Test Cases/functional/main_page" time="15.052" classname="Test Cases/functional/main_page" status="PASSED">
         <system-out><![CDATA[24-05-2024T16:26:34 - [TEST_CASE][PASSED] - Test Cases/functional/main_page: Test Cases/functional/main_page

24-05-2024T16:26:34 - [TEST_STEP][PASSED] - openBrowser(""): Browser is opened with url: ''

24-05-2024T16:26:35 - [MESSAGE][INFO] - Starting 'Chrome' driver

24-05-2024T16:26:35 - [MESSAGE][INFO] - Action delay is set to 0 milliseconds

24-05-2024T16:26:36 - [MESSAGE][PASSED] - Browser is opened with url: ''

24-05-2024T16:26:36 - [TEST_STEP][PASSED] - maximizeWindow(): Current window maximized

24-05-2024T16:26:36 - [MESSAGE][PASSED] - Current window maximized

24-05-2024T16:26:36 - [TEST_STEP][PASSED] - navigateToUrl("https://qr-web-h1fi.onrender.com/"): Navigate to 'https://qr-web-h1fi.onrender.com/' successfully

24-05-2024T16:26:41 - [MESSAGE][PASSED] - Navigate to 'https://qr-web-h1fi.onrender.com/' successfully

24-05-2024T16:26:41 - [TEST_STEP][PASSED] - click(findTestObject("Object Repository/Page_QRWeb/a_Home (current)")): Object: 'Object Repository/Page_QRWeb/a_Home (current)' is clicked on

24-05-2024T16:26:42 - [MESSAGE][PASSED] - Object: 'Object Repository/Page_QRWeb/a_Home (current)' is clicked on

24-05-2024T16:26:42 - [TEST_STEP][PASSED] - click(findTestObject("Object Repository/Page_QRWeb/a_Learn More")): Object: 'Object Repository/Page_QRWeb/a_Learn More' is clicked on

24-05-2024T16:26:42 - [MESSAGE][PASSED] - Object: 'Object Repository/Page_QRWeb/a_Learn More' is clicked on

24-05-2024T16:26:42 - [TEST_STEP][PASSED] - verifyElementText(findTestObject("Object Repository/Page_QRWeb/h2_How It Works"), "How It Works"): Actual text and expected text of test object 'Object Repository/Page_QRWeb/h2_How It Works' are matched.

24-05-2024T16:26:43 - [MESSAGE][PASSED] - Actual text and expected text of test object 'Object Repository/Page_QRWeb/h2_How It Works' are matched.

24-05-2024T16:26:43 - [TEST_STEP][PASSED] - verifyElementText(findTestObject("Object Repository/Page_QRWeb/h4_Create Your Page"), "Create Your Page"): Actual text and expected text of test object 'Object Repository/Page_QRWeb/h4_Create Your Page' are matched.

24-05-2024T16:26:43 - [MESSAGE][PASSED] - Actual text and expected text of test object 'Object Repository/Page_QRWeb/h4_Create Your Page' are matched.

24-05-2024T16:26:43 - [TEST_STEP][PASSED] - verifyElementText(findTestObject("Object Repository/Page_QRWeb/h4_Link It To QR"), "Link It To QR"): Actual text and expected text of test object 'Object Repository/Page_QRWeb/h4_Link It To QR' are matched.

24-05-2024T16:26:44 - [MESSAGE][PASSED] - Actual text and expected text of test object 'Object Repository/Page_QRWeb/h4_Link It To QR' are matched.

24-05-2024T16:26:44 - [TEST_STEP][PASSED] - verifyElementText(findTestObject("Object Repository/Page_QRWeb/h4_Share It"), "Share It"): Actual text and expected text of test object 'Object Repository/Page_QRWeb/h4_Share It' are matched.

24-05-2024T16:26:44 - [MESSAGE][PASSED] - Actual text and expected text of test object 'Object Repository/Page_QRWeb/h4_Share It' are matched.

24-05-2024T16:26:44 - [TEST_STEP][PASSED] - verifyElementText(findTestObject("Object Repository/Page_QRWeb/p_Effortlessly share your fantastic page wi_fa3955"), "Effortlessly share your fantastic page with friends, colleagues, and the world, and let your creativity shine!"): Actual text and expected text of test object 'Object Repository/Page_QRWeb/p_Effortlessly share your fantastic page wi_fa3955' are matched.

24-05-2024T16:26:45 - [MESSAGE][PASSED] - Actual text and expected text of test object 'Object Repository/Page_QRWeb/p_Effortlessly share your fantastic page wi_fa3955' are matched.

24-05-2024T16:26:45 - [TEST_STEP][PASSED] - verifyElementVisible(findTestObject("Object Repository/Page_QRWeb/p_Easily connect your page to a QR code, si_cf769b"), STOP_ON_FAILURE): Object 'Object Repository/Page_QRWeb/p_Easily connect your page to a QR code, si_cf769b' is visible

24-05-2024T16:26:45 - [MESSAGE][PASSED] - Object 'Object Repository/Page_QRWeb/p_Easily connect your page to a QR code, si_cf769b' is visible

24-05-2024T16:26:45 - [TEST_STEP][PASSED] - click(findTestObject("Object Repository/Page_QRWeb/a_About")): Object: 'Object Repository/Page_QRWeb/a_About' is clicked on

24-05-2024T16:26:45 - [MESSAGE][PASSED] - Object: 'Object Repository/Page_QRWeb/a_About' is clicked on

24-05-2024T16:26:45 - [TEST_STEP][PASSED] - click(findTestObject("Object Repository/Page_QRWeb/a_Sign Up Now")): Object: 'Object Repository/Page_QRWeb/a_Sign Up Now' is clicked on

24-05-2024T16:26:46 - [MESSAGE][PASSED] - Object: 'Object Repository/Page_QRWeb/a_Sign Up Now' is clicked on

24-05-2024T16:26:46 - [TEST_STEP][PASSED] - click(findTestObject("Object Repository/Page_QRWeb/a_Login_navbar-brand")): Object: 'Object Repository/Page_QRWeb/a_Login_navbar-brand' is clicked on

24-05-2024T16:26:47 - [MESSAGE][PASSED] - Object: 'Object Repository/Page_QRWeb/a_Login_navbar-brand' is clicked on

24-05-2024T16:26:47 - [TEST_STEP][PASSED] - click(findTestObject("Object Repository/Page_QRWeb/a_Contact")): Object: 'Object Repository/Page_QRWeb/a_Contact' is clicked on

24-05-2024T16:26:47 - [MESSAGE][PASSED] - Object: 'Object Repository/Page_QRWeb/a_Contact' is clicked on

24-05-2024T16:26:47 - [TEST_STEP][PASSED] - click(findTestObject("Object Repository/Page_QRWeb/h3_Contact Us")): Object: 'Object Repository/Page_QRWeb/h3_Contact Us' is clicked on

24-05-2024T16:26:48 - [MESSAGE][PASSED] - Object: 'Object Repository/Page_QRWeb/h3_Contact Us' is clicked on

24-05-2024T16:26:48 - [TEST_STEP][PASSED] - click(findTestObject("Object Repository/Page_QRWeb/figure_Student g. 50, Kaunas, Lithuania")): Object: 'Object Repository/Page_QRWeb/figure_Student g. 50, Kaunas, Lithuania' is clicked on

24-05-2024T16:26:48 - [MESSAGE][PASSED] - Object: 'Object Repository/Page_QRWeb/figure_Student g. 50, Kaunas, Lithuania' is clicked on

24-05-2024T16:26:48 - [TEST_STEP][PASSED] - click(findTestObject("Object Repository/Page_QRWeb/a_About")): Object: 'Object Repository/Page_QRWeb/a_About' is clicked on

24-05-2024T16:26:48 - [MESSAGE][PASSED] - Object: 'Object Repository/Page_QRWeb/a_About' is clicked on

24-05-2024T16:26:48 - [TEST_STEP][PASSED] - click(findTestObject("Object Repository/Page_QRWeb/h2_What Is QRWeb")): Object: 'Object Repository/Page_QRWeb/h2_What Is QRWeb' is clicked on

24-05-2024T16:26:49 - [MESSAGE][PASSED] - Object: 'Object Repository/Page_QRWeb/h2_What Is QRWeb' is clicked on

24-05-2024T16:26:49 - [TEST_STEP][PASSED] - click(findTestObject("Object Repository/Page_QRWeb/a_Log in")): Object: 'Object Repository/Page_QRWeb/a_Log in' is clicked on

24-05-2024T16:26:49 - [MESSAGE][PASSED] - Object: 'Object Repository/Page_QRWeb/a_Log in' is clicked on]]></system-out>
         <system-err><![CDATA[]]></system-err>
      </testcase>
      <system-out><![CDATA[24-05-2024T16:26:34 - [TEST_SUITE][PASSED] - MainPageTest: Test Cases/functional/main_page]]></system-out>
      <system-err><![CDATA[]]></system-err>
   </testsuite>
</testsuites>
