<?xml version="1.0" encoding="UTF-8"?>
<testsuites name="Register" time="16.037" tests="1" failures="0" errors="0">
   <testsuite name="Register" tests="1" failures="0" errors="0" time="16.037" skipped="0" timestamp="11-05-2024T16:37:02" hostname="Anna - DESKTOP-3UT53HP" id="Test Suites/Register">
      <properties>
         <property name="deviceName" value=""/>
         <property name="devicePlatform" value=""/>
         <property name="logFolder" value="C:\\Users\\Anna\\git\\QrWeb\\Reports\\20240511_163656\\Register\\20240511_163656"/>
         <property name="logFiles" value="C:\\Users\\Anna\\git\\QrWeb\\Reports\\20240511_163656\\Register\\20240511_163656\\execution0.log"/>
         <property name="attachments" value=""/>
         <property name="hostName" value="Anna - DESKTOP-3UT53HP"/>
         <property name="os" value="Windows 10 64bit"/>
         <property name="katalonVersion" value="9.4.0.212"/>
         <property name="browser" value="Chrome 124.0.0.0"/>
         <property name="hostAddress" value="192.168.8.116"/>
         <property name="sessionId" value="d7ebe38ef2a94a0432dd4f16e4239e49"/>
         <property name="seleniumVersion" value="3.141.59"/>
         <property name="proxyInformation" value="ProxyInformation { proxyOption=NO_PROXY, proxyServerType=HTTP, username=, password=********, proxyServerAddress=, proxyServerPort=0, executionList=&quot;&quot;, isApplyToDesiredCapabilities=true }"/>
         <property name="platform" value="Windows 10"/>
      </properties>
      <testcase name="Test Cases/functional/register" time="15.832" classname="Test Cases/functional/register" status="PASSED">
         <system-out><![CDATA[11-05-2024T16:37:02 - [TEST_CASE][PASSED] - Test Cases/functional/register: Test Cases/functional/register

11-05-2024T16:37:02 - [TEST_STEP][PASSED] - openBrowser(""): Browser is opened with url: ''

11-05-2024T16:37:03 - [MESSAGE][INFO] - Starting 'Chrome' driver

11-05-2024T16:37:03 - [MESSAGE][INFO] - Action delay is set to 0 milliseconds

11-05-2024T16:37:04 - [MESSAGE][PASSED] - Browser is opened with url: ''

11-05-2024T16:37:04 - [TEST_STEP][PASSED] - maximizeWindow(): Current window maximized

11-05-2024T16:37:05 - [MESSAGE][PASSED] - Current window maximized

11-05-2024T16:37:05 - [TEST_STEP][PASSED] - navigateToUrl("https://qr-web-h1fi.onrender.com/"): Navigate to 'https://qr-web-h1fi.onrender.com/' successfully

11-05-2024T16:37:08 - [MESSAGE][PASSED] - Navigate to 'https://qr-web-h1fi.onrender.com/' successfully

11-05-2024T16:37:08 - [TEST_STEP][PASSED] - click(findTestObject("Object Repository/Page_QRWeb/a_Log in")): Object: 'Object Repository/Page_QRWeb/a_Log in' is clicked on

11-05-2024T16:37:09 - [MESSAGE][PASSED] - Object: 'Object Repository/Page_QRWeb/a_Log in' is clicked on

11-05-2024T16:37:09 - [TEST_STEP][PASSED] - click(findTestObject("Object Repository/Page_QRWeb/a_Register")): Object: 'Object Repository/Page_QRWeb/a_Register' is clicked on

11-05-2024T16:37:10 - [MESSAGE][PASSED] - Object: 'Object Repository/Page_QRWeb/a_Register' is clicked on

11-05-2024T16:37:10 - [TEST_STEP][PASSED] - setText(findTestObject("Object Repository/Page_QRWeb/input__username"), "user7"): Text 'user7' is set on object 'Object Repository/Page_QRWeb/input__username'

11-05-2024T16:37:11 - [MESSAGE][PASSED] - Text 'user7' is set on object 'Object Repository/Page_QRWeb/input__username'

11-05-2024T16:37:11 - [TEST_STEP][PASSED] - setText(findTestObject("Object Repository/Page_QRWeb/input__email"), "user@gmail.com"): Text 'user@gmail.com' is set on object 'Object Repository/Page_QRWeb/input__email'

11-05-2024T16:37:11 - [MESSAGE][PASSED] - Text 'user@gmail.com' is set on object 'Object Repository/Page_QRWeb/input__email'

11-05-2024T16:37:11 - [TEST_STEP][PASSED] - setEncryptedText(findTestObject("Object Repository/Page_QRWeb/input__password1"), "RigbBhfdqOALcqUsFYWzlQ=="): Text ****** has been set on object 'Object Repository/Page_QRWeb/input__password1'

11-05-2024T16:37:12 - [MESSAGE][PASSED] - Text ****** has been set on object 'Object Repository/Page_QRWeb/input__password1'

11-05-2024T16:37:12 - [TEST_STEP][PASSED] - setEncryptedText(findTestObject("Object Repository/Page_QRWeb/input__password2"), "RigbBhfdqOALcqUsFYWzlQ=="): Text ****** has been set on object 'Object Repository/Page_QRWeb/input__password2'

11-05-2024T16:37:12 - [MESSAGE][PASSED] - Text ****** has been set on object 'Object Repository/Page_QRWeb/input__password2'

11-05-2024T16:37:12 - [TEST_STEP][PASSED] - click(findTestObject("Object Repository/Page_QRWeb/button_Create account")): Object: 'Object Repository/Page_QRWeb/button_Create account' is clicked on

11-05-2024T16:37:18 - [MESSAGE][PASSED] - Object: 'Object Repository/Page_QRWeb/button_Create account' is clicked on]]></system-out>
         <system-err><![CDATA[]]></system-err>
      </testcase>
      <system-out><![CDATA[11-05-2024T16:37:02 - [TEST_SUITE][PASSED] - Register: Test Cases/functional/register]]></system-out>
      <system-err><![CDATA[]]></system-err>
   </testsuite>
</testsuites>
