<?xml version="1.0" encoding="UTF-8"?>
<testsuites name="MainPageTest" time="16.366" tests="1" failures="0" errors="0">
   <testsuite name="MainPageTest" tests="1" failures="0" errors="0" time="16.366" skipped="0" timestamp="24-05-2024T10:50:24" hostname="Anna - DESKTOP-3UT53HP" id="Test Suites/MainPageTest">
      <properties>
         <property name="deviceName" value=""/>
         <property name="devicePlatform" value=""/>
         <property name="logFolder" value="C:\\Users\\Anna\\git\\QrWeb\\Reports\\20240524_105018\\MainPageTest\\20240524_105018"/>
         <property name="logFiles" value="C:\\Users\\Anna\\git\\QrWeb\\Reports\\20240524_105018\\MainPageTest\\20240524_105018\\execution0.log"/>
         <property name="attachments" value=""/>
         <property name="hostName" value="Anna - DESKTOP-3UT53HP"/>
         <property name="os" value="Windows 10 64bit"/>
         <property name="katalonVersion" value="9.4.0.212"/>
         <property name="browser" value="Edge Chromium 125"/>
         <property name="hostAddress" value="192.168.8.116"/>
         <property name="sessionId" value="cd47cfbfbd26a12443f3267b6af0e301"/>
         <property name="seleniumVersion" value="3.141.59"/>
         <property name="proxyInformation" value="ProxyInformation { proxyOption=NO_PROXY, proxyServerType=HTTP, username=, password=********, proxyServerAddress=, proxyServerPort=0, executionList=&quot;&quot;, isApplyToDesiredCapabilities=true }"/>
         <property name="platform" value="Windows 10"/>
      </properties>
      <testcase name="Test Cases/functional/main_page" time="16.187" classname="Test Cases/functional/main_page" status="PASSED">
         <system-out><![CDATA[24-05-2024T10:50:24 - [TEST_CASE][PASSED] - Test Cases/functional/main_page: Test Cases/functional/main_page

24-05-2024T10:50:25 - [TEST_STEP][PASSED] - openBrowser(""): Browser is opened with url: ''

24-05-2024T10:50:25 - [MESSAGE][INFO] - Starting 'Edge Chromium' driver

24-05-2024T10:50:25 - [MESSAGE][INFO] - Action delay is set to 0 milliseconds

24-05-2024T10:50:27 - [MESSAGE][PASSED] - Browser is opened with url: ''

24-05-2024T10:50:27 - [TEST_STEP][PASSED] - maximizeWindow(): Current window maximized

24-05-2024T10:50:27 - [MESSAGE][PASSED] - Current window maximized

24-05-2024T10:50:27 - [TEST_STEP][PASSED] - navigateToUrl("https://qr-web-h1fi.onrender.com/"): Navigate to 'https://qr-web-h1fi.onrender.com/' successfully

24-05-2024T10:50:32 - [MESSAGE][PASSED] - Navigate to 'https://qr-web-h1fi.onrender.com/' successfully

24-05-2024T10:50:32 - [TEST_STEP][PASSED] - click(findTestObject("Object Repository/Page_QRWeb/a_Home (current)")): Object: 'Object Repository/Page_QRWeb/a_Home (current)' is clicked on

24-05-2024T10:50:33 - [MESSAGE][PASSED] - Object: 'Object Repository/Page_QRWeb/a_Home (current)' is clicked on

24-05-2024T10:50:33 - [TEST_STEP][PASSED] - click(findTestObject("Object Repository/Page_QRWeb/a_Learn More")): Object: 'Object Repository/Page_QRWeb/a_Learn More' is clicked on

24-05-2024T10:50:34 - [MESSAGE][PASSED] - Object: 'Object Repository/Page_QRWeb/a_Learn More' is clicked on

24-05-2024T10:50:34 - [TEST_STEP][PASSED] - verifyElementText(findTestObject("Object Repository/Page_QRWeb/h2_How It Works"), "How It Works"): Actual text and expected text of test object 'Object Repository/Page_QRWeb/h2_How It Works' are matched.

24-05-2024T10:50:34 - [MESSAGE][PASSED] - Actual text and expected text of test object 'Object Repository/Page_QRWeb/h2_How It Works' are matched.

24-05-2024T10:50:34 - [TEST_STEP][PASSED] - verifyElementText(findTestObject("Object Repository/Page_QRWeb/h4_Create Your Page"), "Create Your Page"): Actual text and expected text of test object 'Object Repository/Page_QRWeb/h4_Create Your Page' are matched.

24-05-2024T10:50:35 - [MESSAGE][PASSED] - Actual text and expected text of test object 'Object Repository/Page_QRWeb/h4_Create Your Page' are matched.

24-05-2024T10:50:35 - [TEST_STEP][PASSED] - verifyElementText(findTestObject("Object Repository/Page_QRWeb/h4_Link It To QR"), "Link It To QR"): Actual text and expected text of test object 'Object Repository/Page_QRWeb/h4_Link It To QR' are matched.

24-05-2024T10:50:35 - [MESSAGE][PASSED] - Actual text and expected text of test object 'Object Repository/Page_QRWeb/h4_Link It To QR' are matched.

24-05-2024T10:50:35 - [TEST_STEP][PASSED] - verifyElementText(findTestObject("Object Repository/Page_QRWeb/h4_Share It"), "Share It"): Actual text and expected text of test object 'Object Repository/Page_QRWeb/h4_Share It' are matched.

24-05-2024T10:50:36 - [MESSAGE][PASSED] - Actual text and expected text of test object 'Object Repository/Page_QRWeb/h4_Share It' are matched.

24-05-2024T10:50:36 - [TEST_STEP][PASSED] - verifyElementText(findTestObject("Object Repository/Page_QRWeb/p_Effortlessly share your fantastic page wi_fa3955"), "Effortlessly share your fantastic page with friends, colleagues, and the world, and let your creativity shine!"): Actual text and expected text of test object 'Object Repository/Page_QRWeb/p_Effortlessly share your fantastic page wi_fa3955' are matched.

24-05-2024T10:50:36 - [MESSAGE][PASSED] - Actual text and expected text of test object 'Object Repository/Page_QRWeb/p_Effortlessly share your fantastic page wi_fa3955' are matched.

24-05-2024T10:50:36 - [TEST_STEP][PASSED] - verifyElementVisible(findTestObject("Object Repository/Page_QRWeb/p_Easily connect your page to a QR code, si_cf769b"), STOP_ON_FAILURE): Object 'Object Repository/Page_QRWeb/p_Easily connect your page to a QR code, si_cf769b' is visible

24-05-2024T10:50:36 - [MESSAGE][PASSED] - Object 'Object Repository/Page_QRWeb/p_Easily connect your page to a QR code, si_cf769b' is visible

24-05-2024T10:50:36 - [TEST_STEP][PASSED] - click(findTestObject("Object Repository/Page_QRWeb/a_About")): Object: 'Object Repository/Page_QRWeb/a_About' is clicked on

24-05-2024T10:50:37 - [MESSAGE][PASSED] - Object: 'Object Repository/Page_QRWeb/a_About' is clicked on

24-05-2024T10:50:37 - [TEST_STEP][PASSED] - click(findTestObject("Object Repository/Page_QRWeb/a_Sign Up Now")): Object: 'Object Repository/Page_QRWeb/a_Sign Up Now' is clicked on

24-05-2024T10:50:37 - [MESSAGE][PASSED] - Object: 'Object Repository/Page_QRWeb/a_Sign Up Now' is clicked on

24-05-2024T10:50:37 - [TEST_STEP][PASSED] - click(findTestObject("Object Repository/Page_QRWeb/a_Login_navbar-brand")): Object: 'Object Repository/Page_QRWeb/a_Login_navbar-brand' is clicked on

24-05-2024T10:50:38 - [MESSAGE][PASSED] - Object: 'Object Repository/Page_QRWeb/a_Login_navbar-brand' is clicked on

24-05-2024T10:50:38 - [TEST_STEP][PASSED] - click(findTestObject("Object Repository/Page_QRWeb/a_Contact")): Object: 'Object Repository/Page_QRWeb/a_Contact' is clicked on

24-05-2024T10:50:39 - [MESSAGE][PASSED] - Object: 'Object Repository/Page_QRWeb/a_Contact' is clicked on

24-05-2024T10:50:39 - [TEST_STEP][PASSED] - click(findTestObject("Object Repository/Page_QRWeb/h3_Contact Us")): Object: 'Object Repository/Page_QRWeb/h3_Contact Us' is clicked on

24-05-2024T10:50:39 - [MESSAGE][PASSED] - Object: 'Object Repository/Page_QRWeb/h3_Contact Us' is clicked on

24-05-2024T10:50:39 - [TEST_STEP][PASSED] - click(findTestObject("Object Repository/Page_QRWeb/figure_Student g. 50, Kaunas, Lithuania")): Object: 'Object Repository/Page_QRWeb/figure_Student g. 50, Kaunas, Lithuania' is clicked on

24-05-2024T10:50:39 - [MESSAGE][PASSED] - Object: 'Object Repository/Page_QRWeb/figure_Student g. 50, Kaunas, Lithuania' is clicked on

24-05-2024T10:50:39 - [TEST_STEP][PASSED] - click(findTestObject("Object Repository/Page_QRWeb/a_About")): Object: 'Object Repository/Page_QRWeb/a_About' is clicked on

24-05-2024T10:50:40 - [MESSAGE][PASSED] - Object: 'Object Repository/Page_QRWeb/a_About' is clicked on

24-05-2024T10:50:40 - [TEST_STEP][PASSED] - click(findTestObject("Object Repository/Page_QRWeb/h2_What Is QRWeb")): Object: 'Object Repository/Page_QRWeb/h2_What Is QRWeb' is clicked on

24-05-2024T10:50:40 - [MESSAGE][PASSED] - Object: 'Object Repository/Page_QRWeb/h2_What Is QRWeb' is clicked on

24-05-2024T10:50:40 - [TEST_STEP][PASSED] - click(findTestObject("Object Repository/Page_QRWeb/a_Log in")): Object: 'Object Repository/Page_QRWeb/a_Log in' is clicked on

24-05-2024T10:50:40 - [MESSAGE][PASSED] - Object: 'Object Repository/Page_QRWeb/a_Log in' is clicked on]]></system-out>
         <system-err><![CDATA[]]></system-err>
      </testcase>
      <system-out><![CDATA[24-05-2024T10:50:24 - [TEST_SUITE][PASSED] - MainPageTest: Test Cases/functional/main_page]]></system-out>
      <system-err><![CDATA[]]></system-err>
   </testsuite>
</testsuites>
