<?xml version="1.0" encoding="UTF-8"?>
<testsuites name="Register" time="186.254" tests="1" failures="0" errors="0">
   <testsuite name="Register" tests="1" failures="0" errors="0" time="186.254" skipped="0" timestamp="13-05-2024T15:42:25" hostname="Anna - 10.151.8.202" id="Test Suites/Register">
      <properties>
         <property name="deviceName" value=""/>
         <property name="devicePlatform" value=""/>
         <property name="logFolder" value="C:\\Users\\Anna\\git\\QrWeb\\Reports\\20240513_154207\\Register\\20240513_154207"/>
         <property name="logFiles" value="C:\\Users\\Anna\\git\\QrWeb\\Reports\\20240513_154207\\Register\\20240513_154207\\execution0.log"/>
         <property name="attachments" value=""/>
         <property name="hostName" value="Anna - 10.151.8.202"/>
         <property name="os" value="Windows 10 64bit"/>
         <property name="katalonVersion" value="9.4.0.212"/>
         <property name="browser" value="Chrome 124.0.0.0"/>
         <property name="hostAddress" value="10.151.8.202"/>
         <property name="sessionId" value="5947be8791d2afb0ecb23d0326b5c9c0"/>
         <property name="seleniumVersion" value="3.141.59"/>
         <property name="proxyInformation" value="ProxyInformation { proxyOption=NO_PROXY, proxyServerType=HTTP, username=, password=********, proxyServerAddress=, proxyServerPort=0, executionList=&quot;&quot;, isApplyToDesiredCapabilities=true }"/>
         <property name="platform" value="Windows 10"/>
      </properties>
      <testcase name="Test Cases/functional/register" time="186.078" classname="Test Cases/functional/register" status="PASSED">
         <system-out><![CDATA[13-05-2024T15:42:25 - [TEST_CASE][PASSED] - Test Cases/functional/register: Test Cases/functional/register

13-05-2024T15:42:25 - [TEST_STEP][PASSED] - openBrowser(""): Browser is opened with url: ''

13-05-2024T15:42:26 - [MESSAGE][INFO] - Starting 'Chrome' driver

13-05-2024T15:42:26 - [MESSAGE][INFO] - Action delay is set to 0 milliseconds

13-05-2024T15:42:28 - [MESSAGE][PASSED] - Browser is opened with url: ''

13-05-2024T15:42:28 - [TEST_STEP][PASSED] - maximizeWindow(): Current window maximized

13-05-2024T15:42:29 - [MESSAGE][PASSED] - Current window maximized

13-05-2024T15:42:29 - [TEST_STEP][PASSED] - navigateToUrl("https://qr-web-h1fi.onrender.com/"): Navigate to 'https://qr-web-h1fi.onrender.com/' successfully

13-05-2024T15:45:22 - [MESSAGE][PASSED] - Navigate to 'https://qr-web-h1fi.onrender.com/' successfully

13-05-2024T15:45:22 - [TEST_STEP][PASSED] - click(findTestObject("Object Repository/Page_QRWeb/a_Log in")): Object: 'Object Repository/Page_QRWeb/a_Log in' is clicked on

13-05-2024T15:45:24 - [MESSAGE][PASSED] - Object: 'Object Repository/Page_QRWeb/a_Log in' is clicked on

13-05-2024T15:45:24 - [TEST_STEP][PASSED] - click(findTestObject("Object Repository/Page_QRWeb/a_Register")): Object: 'Object Repository/Page_QRWeb/a_Register' is clicked on

13-05-2024T15:45:24 - [MESSAGE][PASSED] - Object: 'Object Repository/Page_QRWeb/a_Register' is clicked on

13-05-2024T15:45:24 - [TEST_STEP][PASSED] - setText(findTestObject("Object Repository/Page_QRWeb/input__username"), "user7"): Text 'user7' is set on object 'Object Repository/Page_QRWeb/input__username'

13-05-2024T15:45:25 - [MESSAGE][PASSED] - Text 'user7' is set on object 'Object Repository/Page_QRWeb/input__username'

13-05-2024T15:45:25 - [TEST_STEP][PASSED] - setText(findTestObject("Object Repository/Page_QRWeb/input__email"), "user@gmail.com"): Text 'user@gmail.com' is set on object 'Object Repository/Page_QRWeb/input__email'

13-05-2024T15:45:26 - [MESSAGE][PASSED] - Text 'user@gmail.com' is set on object 'Object Repository/Page_QRWeb/input__email'

13-05-2024T15:45:26 - [TEST_STEP][PASSED] - setEncryptedText(findTestObject("Object Repository/Page_QRWeb/input__password1"), "RigbBhfdqOALcqUsFYWzlQ=="): Text ****** has been set on object 'Object Repository/Page_QRWeb/input__password1'

13-05-2024T15:45:26 - [MESSAGE][PASSED] - Text ****** has been set on object 'Object Repository/Page_QRWeb/input__password1'

13-05-2024T15:45:26 - [TEST_STEP][PASSED] - setEncryptedText(findTestObject("Object Repository/Page_QRWeb/input__password2"), "RigbBhfdqOALcqUsFYWzlQ=="): Text ****** has been set on object 'Object Repository/Page_QRWeb/input__password2'

13-05-2024T15:45:26 - [MESSAGE][PASSED] - Text ****** has been set on object 'Object Repository/Page_QRWeb/input__password2'

13-05-2024T15:45:26 - [TEST_STEP][PASSED] - click(findTestObject("Object Repository/Page_QRWeb/button_Create account")): Object: 'Object Repository/Page_QRWeb/button_Create account' is clicked on

13-05-2024T15:45:31 - [MESSAGE][PASSED] - Object: 'Object Repository/Page_QRWeb/button_Create account' is clicked on]]></system-out>
         <system-err><![CDATA[]]></system-err>
      </testcase>
      <system-out><![CDATA[13-05-2024T15:42:25 - [TEST_SUITE][PASSED] - Register: Test Cases/functional/register]]></system-out>
      <system-err><![CDATA[]]></system-err>
   </testsuite>
</testsuites>
