<?xml version="1.0" encoding="UTF-8"?>
<testsuites name="Profile_and_constructor_pages" time="43.591" tests="3" failures="0" errors="0">
   <testsuite name="Profile_and_constructor_pages" tests="3" failures="0" errors="0" time="43.591" skipped="0" timestamp="24-05-2024T17:06:03" hostname="Anna - DESKTOP-3UT53HP" id="Test Suites/Profile_and_constructor_pages">
      <properties>
         <property name="deviceName" value=""/>
         <property name="devicePlatform" value=""/>
         <property name="logFolder" value="C:\\Users\\Anna\\git\\QrWeb\\Reports\\20240524_170558\\Profile_and_constructor_pages\\20240524_170558"/>
         <property name="logFiles" value="C:\\Users\\Anna\\git\\QrWeb\\Reports\\20240524_170558\\Profile_and_constructor_pages\\20240524_170558\\execution0.log"/>
         <property name="attachments" value=""/>
         <property name="hostName" value="Anna - DESKTOP-3UT53HP"/>
         <property name="os" value="Windows 10 64bit"/>
         <property name="katalonVersion" value="9.4.0.212"/>
         <property name="browser" value="Chrome 125.0.0.0"/>
         <property name="hostAddress" value="192.168.8.116"/>
         <property name="sessionId" value="d1db62a2d8ebfb5fb30fb09212d45601"/>
         <property name="seleniumVersion" value="3.141.59"/>
         <property name="proxyInformation" value="ProxyInformation { proxyOption=NO_PROXY, proxyServerType=HTTP, username=, password=********, proxyServerAddress=, proxyServerPort=0, executionList=&quot;&quot;, isApplyToDesiredCapabilities=true }"/>
         <property name="platform" value="Windows 10"/>
      </properties>
      <testcase name="Test Cases/functional/register" time="11.535" classname="Test Cases/functional/register" status="PASSED">
         <system-out><![CDATA[24-05-2024T17:06:04 - [TEST_CASE][PASSED] - Test Cases/functional/register: Test Cases/functional/register

24-05-2024T17:06:04 - [TEST_STEP][PASSED] - openBrowser(""): Browser is opened with url: ''

24-05-2024T17:06:04 - [MESSAGE][INFO] - Starting 'Chrome' driver

24-05-2024T17:06:04 - [MESSAGE][INFO] - Action delay is set to 0 milliseconds

24-05-2024T17:06:06 - [MESSAGE][PASSED] - Browser is opened with url: ''

24-05-2024T17:06:06 - [TEST_STEP][PASSED] - maximizeWindow(): Current window maximized

24-05-2024T17:06:06 - [MESSAGE][PASSED] - Current window maximized

24-05-2024T17:06:06 - [TEST_STEP][PASSED] - navigateToUrl("https://qr-web-h1fi.onrender.com/"): Navigate to 'https://qr-web-h1fi.onrender.com/' successfully

24-05-2024T17:06:11 - [MESSAGE][PASSED] - Navigate to 'https://qr-web-h1fi.onrender.com/' successfully

24-05-2024T17:06:11 - [TEST_STEP][PASSED] - click(findTestObject("Object Repository/Page_QRWeb/a_Log in")): Object: 'Object Repository/Page_QRWeb/a_Log in' is clicked on

24-05-2024T17:06:12 - [MESSAGE][PASSED] - Object: 'Object Repository/Page_QRWeb/a_Log in' is clicked on

24-05-2024T17:06:12 - [TEST_STEP][PASSED] - click(findTestObject("Object Repository/Page_QRWeb/a_Register")): Object: 'Object Repository/Page_QRWeb/a_Register' is clicked on

24-05-2024T17:06:13 - [MESSAGE][PASSED] - Object: 'Object Repository/Page_QRWeb/a_Register' is clicked on

24-05-2024T17:06:13 - [TEST_STEP][PASSED] - setText(findTestObject("Object Repository/Page_QRWeb/input__username"), "user7"): Text 'user7' is set on object 'Object Repository/Page_QRWeb/input__username'

24-05-2024T17:06:13 - [MESSAGE][PASSED] - Text 'user7' is set on object 'Object Repository/Page_QRWeb/input__username'

24-05-2024T17:06:13 - [TEST_STEP][PASSED] - setText(findTestObject("Object Repository/Page_QRWeb/input__email"), "user@gmail.com"): Text 'user@gmail.com' is set on object 'Object Repository/Page_QRWeb/input__email'

24-05-2024T17:06:14 - [MESSAGE][PASSED] - Text 'user@gmail.com' is set on object 'Object Repository/Page_QRWeb/input__email'

24-05-2024T17:06:14 - [TEST_STEP][PASSED] - setEncryptedText(findTestObject("Object Repository/Page_QRWeb/input__password1"), "RigbBhfdqOALcqUsFYWzlQ=="): Text ****** has been set on object 'Object Repository/Page_QRWeb/input__password1'

24-05-2024T17:06:14 - [MESSAGE][PASSED] - Text ****** has been set on object 'Object Repository/Page_QRWeb/input__password1'

24-05-2024T17:06:14 - [TEST_STEP][PASSED] - setEncryptedText(findTestObject("Object Repository/Page_QRWeb/input__password2"), "RigbBhfdqOALcqUsFYWzlQ=="): Text ****** has been set on object 'Object Repository/Page_QRWeb/input__password2'

24-05-2024T17:06:15 - [MESSAGE][PASSED] - Text ****** has been set on object 'Object Repository/Page_QRWeb/input__password2'

24-05-2024T17:06:15 - [TEST_STEP][PASSED] - click(findTestObject("Object Repository/Page_QRWeb/button_Create account")): Object: 'Object Repository/Page_QRWeb/button_Create account' is clicked on

24-05-2024T17:06:15 - [MESSAGE][PASSED] - Object: 'Object Repository/Page_QRWeb/button_Create account' is clicked on]]></system-out>
         <system-err><![CDATA[]]></system-err>
      </testcase>
      <testcase name="Test Cases/functional/login" time="13.192" classname="Test Cases/functional/login" status="PASSED">
         <system-out><![CDATA[24-05-2024T17:06:15 - [TEST_CASE][PASSED] - Test Cases/functional/login: Test Cases/functional/login

24-05-2024T17:06:15 - [TEST_STEP][PASSED] - openBrowser(""): Browser is opened with url: ''

24-05-2024T17:06:15 - [MESSAGE][WARNING] - A browser is already opened. Closing browser and opening a new one

24-05-2024T17:06:16 - [MESSAGE][INFO] - Starting 'Chrome' driver

24-05-2024T17:06:16 - [MESSAGE][INFO] - Action delay is set to 0 milliseconds

24-05-2024T17:06:16 - [MESSAGE][PASSED] - Browser is opened with url: ''

24-05-2024T17:06:16 - [TEST_STEP][PASSED] - maximizeWindow(): Current window maximized

24-05-2024T17:06:16 - [MESSAGE][PASSED] - Current window maximized

24-05-2024T17:06:16 - [TEST_STEP][PASSED] - navigateToUrl("https://qr-web-h1fi.onrender.com/"): Navigate to 'https://qr-web-h1fi.onrender.com/' successfully

24-05-2024T17:06:22 - [MESSAGE][PASSED] - Navigate to 'https://qr-web-h1fi.onrender.com/' successfully

24-05-2024T17:06:22 - [TEST_STEP][PASSED] - click(findTestObject("Object Repository/Page_QRWeb/a_Log in")): Object: 'Object Repository/Page_QRWeb/a_Log in' is clicked on

24-05-2024T17:06:23 - [MESSAGE][PASSED] - Object: 'Object Repository/Page_QRWeb/a_Log in' is clicked on

24-05-2024T17:06:23 - [TEST_STEP][PASSED] - setText(findTestObject("Object Repository/Page_QRWeb/input__username"), "user7"): Text 'user7' is set on object 'Object Repository/Page_QRWeb/input__username'

24-05-2024T17:06:24 - [MESSAGE][PASSED] - Text 'user7' is set on object 'Object Repository/Page_QRWeb/input__username'

24-05-2024T17:06:24 - [TEST_STEP][PASSED] - setEncryptedText(findTestObject("Object Repository/Page_QRWeb/input__password"), "RigbBhfdqOALcqUsFYWzlQ=="): Text ****** has been set on object 'Object Repository/Page_QRWeb/input__password'

24-05-2024T17:06:24 - [MESSAGE][PASSED] - Text ****** has been set on object 'Object Repository/Page_QRWeb/input__password'

24-05-2024T17:06:24 - [TEST_STEP][PASSED] - click(findTestObject("Object Repository/Page_QRWeb/button_Login")): Object: 'Object Repository/Page_QRWeb/button_Login' is clicked on

24-05-2024T17:06:28 - [MESSAGE][PASSED] - Object: 'Object Repository/Page_QRWeb/button_Login' is clicked on]]></system-out>
         <system-err><![CDATA[]]></system-err>
      </testcase>
      <testcase name="Test Cases/functional/profile_and_constructor_pages" time="18.678" classname="Test Cases/functional/profile_and_constructor_pages" status="PASSED">
         <system-out><![CDATA[24-05-2024T17:06:28 - [TEST_CASE][PASSED] - Test Cases/functional/profile_and_constructor_pages: Test Cases/functional/profile_and_constructor_pages

24-05-2024T17:06:28 - [TEST_STEP][PASSED] - openBrowser(""): Browser is opened with url: ''

24-05-2024T17:06:28 - [MESSAGE][WARNING] - A browser is already opened. Closing browser and opening a new one

24-05-2024T17:06:29 - [MESSAGE][INFO] - Starting 'Chrome' driver

24-05-2024T17:06:29 - [MESSAGE][INFO] - Action delay is set to 0 milliseconds

24-05-2024T17:06:29 - [MESSAGE][PASSED] - Browser is opened with url: ''

24-05-2024T17:06:29 - [TEST_STEP][PASSED] - maximizeWindow(): Current window maximized

24-05-2024T17:06:29 - [MESSAGE][PASSED] - Current window maximized

24-05-2024T17:06:29 - [TEST_STEP][PASSED] - navigateToUrl("https://qr-web-h1fi.onrender.com/"): Navigate to 'https://qr-web-h1fi.onrender.com/' successfully

24-05-2024T17:06:34 - [MESSAGE][PASSED] - Navigate to 'https://qr-web-h1fi.onrender.com/' successfully

24-05-2024T17:06:34 - [TEST_STEP][PASSED] - click(findTestObject("Object Repository/Page_QRWeb/a_Log in")): Object: 'Object Repository/Page_QRWeb/a_Log in' is clicked on

24-05-2024T17:06:35 - [MESSAGE][PASSED] - Object: 'Object Repository/Page_QRWeb/a_Log in' is clicked on

24-05-2024T17:06:35 - [TEST_STEP][PASSED] - setText(findTestObject("Object Repository/Page_QRWeb/input__username"), "user7"): Text 'user7' is set on object 'Object Repository/Page_QRWeb/input__username'

24-05-2024T17:06:35 - [MESSAGE][PASSED] - Text 'user7' is set on object 'Object Repository/Page_QRWeb/input__username'

24-05-2024T17:06:35 - [TEST_STEP][PASSED] - setEncryptedText(findTestObject("Object Repository/Page_QRWeb/input__password"), "RigbBhfdqOALcqUsFYWzlQ=="): Text ****** has been set on object 'Object Repository/Page_QRWeb/input__password'

24-05-2024T17:06:36 - [MESSAGE][PASSED] - Text ****** has been set on object 'Object Repository/Page_QRWeb/input__password'

24-05-2024T17:06:36 - [TEST_STEP][PASSED] - click(findTestObject("Object Repository/Page_QRWeb/button_Login")): Object: 'Object Repository/Page_QRWeb/button_Login' is clicked on

24-05-2024T17:06:40 - [MESSAGE][PASSED] - Object: 'Object Repository/Page_QRWeb/button_Login' is clicked on

24-05-2024T17:06:40 - [TEST_STEP][PASSED] - click(findTestObject("Object Repository/Page_QRWeb/a_Create New Page")): Object: 'Object Repository/Page_QRWeb/a_Create New Page' is clicked on

24-05-2024T17:06:41 - [MESSAGE][PASSED] - Object: 'Object Repository/Page_QRWeb/a_Create New Page' is clicked on

24-05-2024T17:06:41 - [TEST_STEP][PASSED] - setText(findTestObject("Object Repository/Page_QRWeb/input_Sign out_title"), "Animals"): Text 'Animals' is set on object 'Object Repository/Page_QRWeb/input_Sign out_title'

24-05-2024T17:06:42 - [MESSAGE][PASSED] - Text 'Animals' is set on object 'Object Repository/Page_QRWeb/input_Sign out_title'

24-05-2024T17:06:42 - [TEST_STEP][PASSED] - verifyElementClickable(findTestObject("Object Repository/Page_QRWeb/div_Heading")): Object 'Object Repository/Page_QRWeb/div_Heading' is clickable

24-05-2024T17:06:42 - [MESSAGE][PASSED] - Object 'Object Repository/Page_QRWeb/div_Heading' is clickable

24-05-2024T17:06:42 - [TEST_STEP][PASSED] - verifyElementClickable(findTestObject("Object Repository/Page_QRWeb/div_List")): Object 'Object Repository/Page_QRWeb/div_List' is clickable

24-05-2024T17:06:43 - [MESSAGE][PASSED] - Object 'Object Repository/Page_QRWeb/div_List' is clickable

24-05-2024T17:06:43 - [TEST_STEP][PASSED] - verifyElementClickable(findTestObject("Object Repository/Page_QRWeb/div_Table")): Object 'Object Repository/Page_QRWeb/div_Table' is clickable

24-05-2024T17:06:43 - [MESSAGE][PASSED] - Object 'Object Repository/Page_QRWeb/div_Table' is clickable

24-05-2024T17:06:43 - [TEST_STEP][PASSED] - verifyElementClickable(findTestObject("Object Repository/Page_QRWeb/div_Image")): Object 'Object Repository/Page_QRWeb/div_Image' is clickable

24-05-2024T17:06:43 - [MESSAGE][PASSED] - Object 'Object Repository/Page_QRWeb/div_Image' is clickable

24-05-2024T17:06:43 - [TEST_STEP][PASSED] - verifyElementClickable(findTestObject("Object Repository/Page_QRWeb/div_Code")): Object 'Object Repository/Page_QRWeb/div_Code' is clickable

24-05-2024T17:06:44 - [MESSAGE][PASSED] - Object 'Object Repository/Page_QRWeb/div_Code' is clickable

24-05-2024T17:06:44 - [TEST_STEP][PASSED] - verifyElementClickable(findTestObject("Object Repository/Page_QRWeb/div_Link")): Object 'Object Repository/Page_QRWeb/div_Link' is clickable

24-05-2024T17:06:44 - [MESSAGE][PASSED] - Object 'Object Repository/Page_QRWeb/div_Link' is clickable

24-05-2024T17:06:44 - [TEST_STEP][PASSED] - click(findTestObject("Object Repository/Page_QRWeb/button_Save page")): Object: 'Object Repository/Page_QRWeb/button_Save page' is clicked on

24-05-2024T17:06:44 - [MESSAGE][PASSED] - Object: 'Object Repository/Page_QRWeb/button_Save page' is clicked on

24-05-2024T17:06:44 - [TEST_STEP][PASSED] - click(findTestObject("Object Repository/Page_QRWeb/a_Open")): Object: 'Object Repository/Page_QRWeb/a_Open' is clicked on

24-05-2024T17:06:45 - [MESSAGE][PASSED] - Object: 'Object Repository/Page_QRWeb/a_Open' is clicked on

24-05-2024T17:06:45 - [TEST_STEP][PASSED] - click(findTestObject("Object Repository/Page_QRWeb/a_Back to profile")): Object: 'Object Repository/Page_QRWeb/a_Back to profile' is clicked on

24-05-2024T17:06:45 - [MESSAGE][PASSED] - Object: 'Object Repository/Page_QRWeb/a_Back to profile' is clicked on

24-05-2024T17:06:45 - [TEST_STEP][PASSED] - verifyElementClickable(findTestObject("Object Repository/Page_QRWeb/button_Change Password")): Object 'Object Repository/Page_QRWeb/button_Change Password' is clickable

24-05-2024T17:06:46 - [MESSAGE][PASSED] - Object 'Object Repository/Page_QRWeb/button_Change Password' is clickable

24-05-2024T17:06:46 - [TEST_STEP][PASSED] - click(findTestObject("Object Repository/Page_QRWeb/button_Delete")): Object: 'Object Repository/Page_QRWeb/button_Delete' is clicked on

24-05-2024T17:06:46 - [MESSAGE][PASSED] - Object: 'Object Repository/Page_QRWeb/button_Delete' is clicked on

24-05-2024T17:06:46 - [TEST_STEP][PASSED] - click(findTestObject("Object Repository/Page_QRWeb/button_Delete Account")): Object: 'Object Repository/Page_QRWeb/button_Delete Account' is clicked on

24-05-2024T17:06:47 - [MESSAGE][PASSED] - Object: 'Object Repository/Page_QRWeb/button_Delete Account' is clicked on

24-05-2024T17:06:47 - [TEST_STEP][PASSED] - click(findTestObject("Object Repository/Page_QRWeb/a_Sign out")): Object: 'Object Repository/Page_QRWeb/a_Sign out' is clicked on

24-05-2024T17:06:47 - [MESSAGE][PASSED] - Object: 'Object Repository/Page_QRWeb/a_Sign out' is clicked on]]></system-out>
         <system-err><![CDATA[]]></system-err>
      </testcase>
      <system-out><![CDATA[24-05-2024T17:06:03 - [TEST_SUITE][PASSED] - Profile_and_constructor_pages: Test Cases/functional/profile_and_constructor_pages]]></system-out>
      <system-err><![CDATA[]]></system-err>
   </testsuite>
</testsuites>
